
[12:07:39.654] {"Running version":"3.4.11"}

[12:07:40.75] Connecting to FSCADK using SFDX CLI...
[12:07:49.733] Successfully connected to FSCADK.
[12:07:49.742] {"SOURCE":"csvfile.","TARGET":"FSCADK.","Package script":"/Users/jrattanpal/workspace/fsc-demo-pack/data/sfdxdmu/export.json."}

[12:07:49.747] GETTING AND ANALYSING OBJECTS METADATA...
[12:07:49.749] Processing the sObject OperatingHours...
[12:07:49.751] Getting metadata for OperatingHours (TARGET)
[12:07:50.4] Processing the sObject Contact...
[12:07:50.5] Getting metadata for Contact (TARGET)
[12:07:50.993] Processing the sObject Account...
[12:07:50.994] Getting metadata for Account (TARGET)
[12:07:52.438] Processing the sObject Lead...
[12:07:52.440] Getting metadata for Lead (TARGET)
[12:07:52.859] Processing the sObject AccountContactRelation...
[12:07:52.862] Getting metadata for AccountContactRelation (TARGET)
[12:07:53.70][WARN] Field AccountContactRelation.Name is missing in the Target.
[12:07:53.72] Processing the sObject FinServ__AccountAccountRelation__c...
[12:07:53.75] Getting metadata for FinServ__AccountAccountRelation__c (TARGET)
[12:07:53.278] Processing the sObject FinServ__ReciprocalRole__c...
[12:07:53.281] Getting metadata for FinServ__ReciprocalRole__c (TARGET)
[12:07:53.507] Processing the sObject FinServ__ContactContactRelation__c...
[12:07:53.509] Getting metadata for FinServ__ContactContactRelation__c (TARGET)
[12:07:53.738] Processing the sObject FinServ__ContactContactRelation__c...
[12:07:53.742] Processing the sObject FinServ__ReciprocalRole__c...
[12:07:53.743] Processing the sObject FinServ__AccountAccountRelation__c...
[12:07:53.746] Processing the sObject AccountContactRelation...
[12:07:53.748] Processing the sObject Lead...
[12:07:53.756] Getting metadata for Individual (TARGET)
[12:07:53.998] Processing the sObject Account...
[12:07:54.26] Processing the sObject Contact...
[12:07:54.40] Processing the sObject OperatingHours...

[12:07:54.48] PREPARING DATA MIGRATION JOB...
[12:07:54.51] Building migration strategy...
[12:07:54.222] {"Order of objects to retrieve data":"OperatingHours; Contact; Account; Lead; AccountContactRelation; FinServ__ReciprocalRole__c; FinServ__AccountAccountRelation__c; FinServ__ContactContactRelation__c; Individual"}
[12:07:54.224] {"Order of objects to update data":"Individual; OperatingHours; Contact; Account; Lead; AccountContactRelation; FinServ__ReciprocalRole__c; FinServ__AccountAccountRelation__c; FinServ__ContactContactRelation__c"}
[12:07:54.244] Validating and repairing of the source CSV files...
[12:07:54.289][WARN] During the validation of the source CSV files 14 issues were found. See CSVIssuesReport.csv file for the details.

[12:07:54.365] Amount of updated source CSV files: 0
[12:07:54.367] Writing to /Users/jrattanpal/workspace/fsc-demo-pack/data/sfdxdmu/CSVIssuesReport.csv...
[12:07:54.373][WARN] During the validation of the source CSV files 14 issues were found. See CSVIssuesReport.csv file for the details.
[12:07:54.374] Validating and repairing of the source CSV files have finished.
[12:07:54.376] Preparing has been finished.

[12:07:54.383] GETTING THE TOTAL AMOUNT OF RECORDS LIMITED BY THE OBJECT'S SOQL QUERY...
[12:07:54.683] {Individual} Total amount of the TARGET records: 0
[12:07:54.848] {OperatingHours} Total amount of the TARGET records: 3
[12:07:55.57] {Contact} Total amount of the TARGET records: 7
[12:07:55.222] {Account} Total amount of the TARGET records: 10
[12:07:55.443] {Lead} Total amount of the TARGET records: 0
[12:07:56.127] {AccountContactRelation} Total amount of the TARGET records: 7
[12:07:56.308] {FinServ__ReciprocalRole__c} Total amount of the TARGET records: 22
[12:07:56.498] {FinServ__AccountAccountRelation__c} Total amount of the TARGET records: 0
[12:07:56.650] {FinServ__ContactContactRelation__c} Total amount of the TARGET records: 2

[12:07:56.657] DELETING OLD DATA FROM THE TARGET...
[12:07:56.660] {FinServ__ContactContactRelation__c} Nothing to delete.
[12:07:56.661] {FinServ__AccountAccountRelation__c} Nothing to delete.
[12:07:56.663] {FinServ__ReciprocalRole__c} Nothing to delete.
[12:07:56.665] {AccountContactRelation} Nothing to delete.
[12:07:56.666] {Lead} Nothing to delete.
[12:07:56.668] {Account} Nothing to delete.
[12:07:56.669] {Contact} Nothing to delete.
[12:07:56.671] {OperatingHours} Nothing to delete.
[12:07:56.673] {Individual} Nothing to delete.
[12:07:56.674] Deleting old data from the Target was skipped.
[12:07:56.676] Ready to process the data.

[12:07:56.680] RETRIEVING THE DATA STEP 1...
[12:07:56.682] {OperatingHours} Retrieving the SOURCE data from CSV file (STEP 1: all records)...
[12:07:56.686] {OperatingHours} Retrieving the SOURCE data has been completed. Fetched 3 new records.
[12:07:56.688] {Contact} Retrieving the SOURCE data from CSV file (STEP 1: all records)...
[12:07:56.716] {Contact} Retrieving the SOURCE data has been completed. Fetched 7 new records.
[12:07:56.720] {Account} Retrieving the SOURCE data from CSV file (STEP 1: all records)...
[12:07:56.746] {Account} Retrieving the SOURCE data has been completed. Fetched 10 new records.
[12:07:56.750] {Lead} Retrieving the SOURCE data from CSV file (STEP 1: all records)...
[12:07:56.758] {Lead} Retrieving the SOURCE data has been completed. Fetched 9 new records.
[12:07:56.760] {AccountContactRelation} Retrieving the SOURCE data from CSV file (STEP 1: all records)...
[12:07:56.764] {AccountContactRelation} Retrieving the SOURCE data has been completed. Fetched 7 new records.
[12:07:56.766] {FinServ__ReciprocalRole__c} Retrieving the SOURCE data from CSV file (STEP 1: all records)...
[12:07:56.774] {FinServ__ReciprocalRole__c} Retrieving the SOURCE data has been completed. Fetched 16 new records.
[12:07:56.776] {FinServ__AccountAccountRelation__c} Retrieving the SOURCE data from CSV file (STEP 1: all records)...
[12:07:56.780] {FinServ__AccountAccountRelation__c} Retrieving the SOURCE data has been completed. Fetched 0 new records.
[12:07:56.781] {FinServ__ContactContactRelation__c} Retrieving the SOURCE data from CSV file (STEP 1: all records)...
[12:07:56.786] {FinServ__ContactContactRelation__c} Retrieving the SOURCE data has been completed. Fetched 2 new records.
[12:07:56.788] {Individual} Retrieving the SOURCE data from CSV file (STEP 1: all records)...
[12:07:56.791] {Individual} Retrieving the SOURCE data has been completed. Fetched 0 new records.
[12:07:56.792] Retrieving the data STEP 1 has been completed.

[12:07:56.796] RETRIEVING THE DATA STEP 2...
[12:07:56.797] PASS 1
[12:07:56.799] =============
[12:07:56.800] No records

[12:07:56.803] PASS 2
[12:07:56.805] =============
[12:07:56.807] No records

[12:07:56.810] PASS 3
[12:07:56.811] =============
[12:07:56.813] No records

[12:07:56.816] PASS 4
[12:07:56.819] =============
[12:07:56.820] No records

[12:07:56.824] TARGET
[12:07:56.825] =============
[12:07:56.827] {OperatingHours} Retrieving the TARGET data from Org (STEP 2: all records)...
[12:07:56.829] {OperatingHours} Query string: SELECT Id, TimeZone, Name, Description  FROM  OperatingHours.
[12:07:57.3] {OperatingHours} Retrieving the TARGET data has been completed. Fetched 3 new records.
[12:07:57.7] {Contact} Retrieving the TARGET data from Org (STEP 2: all records)...
[12:07:57.9] {Contact} Query string: SELECT Id, Name, IsPersonAccount, AccountId, IsDeleted, MasterRecordId, LastName, FirstName, Salutation, OtherStreet, OtherCity, OtherState, OtherPostalCode, OtherCountry, OtherLatitude, OtherLongitude, OtherGeocodeAccuracy, OtherAddress, MailingStre... FROM  Contact.
[12:07:57.695] {Contact} Retrieving the TARGET data has been completed. Fetched 7 new records.
[12:07:57.698] {Account} Retrieving the TARGET data from Org (STEP 2: all records)...
[12:07:57.699] {Account} Query string: SELECT Id, Name, IsPersonAccount, IsDeleted, MasterRecordId, LastName, FirstName, Salutation, Type, ParentId, BillingStreet, BillingCity, BillingState, BillingPostalCode, BillingCountry, BillingLatitude, BillingLongitude, BillingGeocodeAccuracy, Ship... FROM  Account.
[12:07:58.377] {Account} Retrieving the TARGET data has been completed. Fetched 10 new records.
[12:07:58.379] {Lead} Retrieving the TARGET data from Org (STEP 2: all records)...
[12:07:58.380] {Lead} Query string: SELECT Id, Name, IsDeleted, MasterRecordId, LastName, FirstName, Salutation, Title, Company, Street, City, State, PostalCode, Country, Latitude, Longitude, GeocodeAccuracy, Address, Phone, MobilePhone, Fax, Email, Website, PhotoUrl, Description, Lead... FROM  Lead.
[12:07:58.646] {Lead} Retrieving the TARGET data has been completed. Fetched 0 new records.
[12:07:58.649] Retrieving the data STEP 2 has been completed.

[12:07:58.652] DATA RETRIEVING SUMMARY
[12:07:58.653] {OperatingHours} Total retrieved within all steps (source/target): 3/3 records.
[12:07:58.655] {Contact} Total retrieved within all steps (source/target): 7/7 records.
[12:07:58.656] {Account} Total retrieved within all steps (source/target): 10/10 records.
[12:07:58.658] {Lead} Total retrieved within all steps (source/target): 9/0 records.
[12:07:58.660] {AccountContactRelation} Total retrieved within all steps (source/target): 7/0 records.
[12:07:58.661] {FinServ__ReciprocalRole__c} Total retrieved within all steps (source/target): 16/0 records.
[12:07:58.663] {FinServ__AccountAccountRelation__c} Total retrieved within all steps (source/target): 0/0 records.
[12:07:58.665] {FinServ__ContactContactRelation__c} Total retrieved within all steps (source/target): 2/0 records.
[12:07:58.666] {Individual} Total retrieved within all steps (source/target): 0/0 records.

[12:07:58.670] UPDATING THE TARGET STEP 1...
[12:07:58.674] {OperatingHours} [INFO] There are 3 skipped target updates, since no matching was found between the source and the target records by the given ExternalId key, or the data is the same.
[12:07:58.677] {Contact} Number of records to Insert: 1.
[12:07:58.681] {Contact} The Insert API operation has been started using REST API.
[12:07:58.682] [Job# REST:Insert] {Contact} The job has been created. Uploading data...
[12:08:02.921][WARN] [Batch# REST:Insert] {Contact} Incompleted. 0 records succeeded, 1 records failed.
[12:08:02.924] {Contact} The Insert API operation has been finished.
[12:08:02.929] {Contact} Number of records to Update: 1.
[12:08:02.931] {Contact} The Update API operation has been started using REST API.
[12:08:02.933] [Job# REST:Update] {Contact} The job has been created. Uploading data...
[12:08:04.7] {Contact} The Update API operation has been finished.
[12:08:04.16] {Contact} Updating the Target has been completed. Processed 2 records.
[12:08:04.23] {Account} Number of records to Update: 5.
[12:08:04.25] {Account} The Update API operation has been started using REST API.
[12:08:04.26] [Job# REST:Update] {Account} The job has been created. Uploading data...
[12:08:05.18] {Account} The Update API operation has been finished.
[12:08:05.31] {Account} Number of records to Update: 5.
[12:08:05.32] {Account} The Update API operation has been started using REST API.
[12:08:05.34] [Job# REST:Update] {Account} The job has been created. Uploading data...
[12:08:06.108] {Account} The Update API operation has been finished.
[12:08:06.115] {Account} Updating the Target has been completed. Processed 10 records.
[12:08:06.117] {Lead} Number of records to Insert: 9.
[12:08:06.119] {Lead} The Insert API operation has been started using REST API.
[12:08:06.120] [Job# REST:Insert] {Lead} The job has been created. Uploading data...
[12:08:08.917][WARN] [Batch# REST:Insert] {Lead} Incompleted. 5 records succeeded, 4 records failed.
[12:08:08.918] {Lead} The Insert API operation has been finished.
[12:08:08.922] {Lead} Updating the Target has been completed. Processed 9 records.
[12:08:08.924][WARN] {AccountContactRelation} 1 missing parent lookup records were found. See MissingParentRecordsReport.csv file for the details.

[12:08:11.408] {AccountContactRelation} Number of records to Insert: 7.
[12:08:11.411] {AccountContactRelation} The Insert API operation has been started using REST API.
[12:08:11.416] [Job# REST:Insert] {AccountContactRelation} The job has been created. Uploading data...
[12:08:12.839][WARN] [Batch# REST:Insert] {AccountContactRelation} Incompleted. 0 records succeeded, 7 records failed.
[12:08:12.842] {AccountContactRelation} The Insert API operation has been finished.
[12:08:12.848] {AccountContactRelation} Updating the Target has been completed. Processed 7 records.
[12:08:12.851] {FinServ__ReciprocalRole__c} Number of records to Insert: 16.
[12:08:12.853] {FinServ__ReciprocalRole__c} The Insert API operation has been started using REST API.
[12:08:12.854] [Job# REST:Insert] {FinServ__ReciprocalRole__c} The job has been created. Uploading data...
[12:08:14.448] {FinServ__ReciprocalRole__c} The Insert API operation has been finished.
[12:08:14.451] {FinServ__ReciprocalRole__c} Updating the Target has been completed. Processed 16 records.
[12:08:14.454][WARN] {FinServ__ContactContactRelation__c} 2 missing parent lookup records were found. See MissingParentRecordsReport.csv file for the details.
[12:08:14.455] {FinServ__ContactContactRelation__c} Number of records to Insert: 2.
[12:08:14.457] {FinServ__ContactContactRelation__c} The Insert API operation has been started using REST API.
[12:08:14.459] [Job# REST:Insert] {FinServ__ContactContactRelation__c} The job has been created. Uploading data...
[12:08:14.881][WARN] [Batch# REST:Insert] {FinServ__ContactContactRelation__c} Incompleted. 0 records succeeded, 2 records failed.
[12:08:14.883] {FinServ__ContactContactRelation__c} The Insert API operation has been finished.
[12:08:14.889] {FinServ__ContactContactRelation__c} Updating the Target has been completed. Processed 2 records.
[12:08:14.891] Updating the Target (STEP 1) has been completed. Total processed 46 records.

[12:08:14.895] UPDATING THE TARGET STEP 2...
[12:08:14.905] {FinServ__ReciprocalRole__c} Number of records to Update: 12.
[12:08:14.907] {FinServ__ReciprocalRole__c} The Update API operation has been started using REST API.
[12:08:14.908] [Job# REST:Update] {FinServ__ReciprocalRole__c} The job has been created. Uploading data...
[12:08:15.642] {FinServ__ReciprocalRole__c} The Update API operation has been finished.
[12:08:15.648] {FinServ__ReciprocalRole__c} Updating the Target has been completed. Processed 12 records.
[12:08:15.652][WARN] {FinServ__ContactContactRelation__c} 2 missing parent lookup records were found. See MissingParentRecordsReport.csv file for the details.
[12:08:15.653] Updating the Target (STEP 2) has been completed. Total processed 12 records.

[12:08:15.657] DATA PROCESSING SUMMARY
[12:08:15.658] {OperatingHours} Total processed within all steps (Insert + Update): 0 records
[12:08:15.660] {Contact} Total processed within all steps (Insert + Update): 2 records
[12:08:15.661] {Account} Total processed within all steps (Insert + Update): 10 records
[12:08:15.663] {Lead} Total processed within all steps (Insert + Update): 9 records
[12:08:15.664] {AccountContactRelation} Total processed within all steps (Insert + Update): 7 records
[12:08:15.666] {FinServ__ReciprocalRole__c} Total processed within all steps (Insert + Update): 28 records
[12:08:15.668] {FinServ__AccountAccountRelation__c} Total processed within all steps (Insert + Update): 0 records
[12:08:15.670] {FinServ__ContactContactRelation__c} Total processed within all steps (Insert + Update): 2 records
[12:08:15.671] {Individual} Total processed within all steps (Insert + Update): 0 records

[12:08:15.675] Writing to /Users/jrattanpal/workspace/fsc-demo-pack/data/sfdxdmu/MissingParentRecordsReport.csv...

[12:08:15.682] Command succeeded.
[12:08:15.684] Execution of the command sfdmu:run has been finished. Exit code 0 (SUCCESS).
[12:08:15.686] Total time elapsed: 00h 00m 36s 046ms .