
[18:00:45.428] {"Running version":"3.4.9"}

[18:00:46.119] Connecting to jrattanpal-ey3n@force.com using SFDX CLI...
[18:00:58.124] Successfully connected to jrattanpal-ey3n@force.com.
[18:00:58.168] {"SOURCE":"jrattanpal-ey3n@force.com.","TARGET":"csvfile.","Package script":"/Users/jrattanpal/workspace/fsc-demo-pack/data/sfdxdmu/export.json."}

[18:00:58.177] GETTING AND ANALYSING OBJECTS METADATA...
[18:00:58.178] Processing the sObject OperatingHours...
[18:00:58.179] Getting metadata for OperatingHours (SOURCE)
[18:00:58.498] Processing the sObject Contact...
[18:00:58.501] Getting metadata for Contact (SOURCE)
[18:00:59.650] Processing the sObject Account...
[18:00:59.652] Getting metadata for Account (SOURCE)
[18:01:01.600] Processing the sObject AccountContactRelation...
[18:01:01.601] Getting metadata for AccountContactRelation (SOURCE)
[18:01:01.861][WARN] Field AccountContactRelation.Name is missing in the Source.
[18:01:01.863] Processing the sObject FinServ__AccountAccountRelation__c...
[18:01:01.865] Getting metadata for FinServ__AccountAccountRelation__c (SOURCE)
[18:01:02.164] Processing the sObject FinServ__ReciprocalRole__c...
[18:01:02.165] Getting metadata for FinServ__ReciprocalRole__c (SOURCE)
[18:01:02.511] Processing the sObject FinServ__ContactContactRelation__c...
[18:01:02.515] Getting metadata for FinServ__ContactContactRelation__c (SOURCE)
[18:01:02.819] Processing the sObject FinServ__ContactContactRelation__c...
[18:01:02.822] Processing the sObject FinServ__ReciprocalRole__c...
[18:01:02.853] Getting metadata for RecordType (SOURCE)
[18:01:03.201] Processing the sObject FinServ__AccountAccountRelation__c...
[18:01:03.205] Processing the sObject AccountContactRelation...
[18:01:03.207] Processing the sObject Account...
[18:01:03.218] Getting metadata for Individual (SOURCE)
[18:01:03.492] Processing the sObject Contact...
[18:01:03.500] Processing the sObject OperatingHours...

[18:01:03.506] PREPARING DATA MIGRATION JOB...
[18:01:03.507] Building migration strategy...
[18:01:03.521] {"Order of objects to retrieve data":"RecordType; OperatingHours; Account; Contact; AccountContactRelation; FinServ__ReciprocalRole__c; FinServ__AccountAccountRelation__c; FinServ__ContactContactRelation__c; Individual"}
[18:01:03.523] {"Order of objects to update data":"RecordType; Individual; OperatingHours; Account; Contact; AccountContactRelation; FinServ__ReciprocalRole__c; FinServ__AccountAccountRelation__c; FinServ__ContactContactRelation__c"}

[18:01:03.528] GETTING THE TOTAL AMOUNT OF RECORDS LIMITED BY THE OBJECT'S SOQL QUERY...
[18:01:03.749] {RecordType} Total amount of the SOURCE records: 9
[18:01:03.962] {Individual} Total amount of the SOURCE records: 0
[18:01:04.155] {OperatingHours} Total amount of the SOURCE records: 3
[18:01:04.342] {Account} Total amount of the SOURCE records: 10
[18:01:04.530] {Contact} Total amount of the SOURCE records: 7
[18:01:04.719] {AccountContactRelation} Total amount of the SOURCE records: 7
[18:01:04.897] {FinServ__ReciprocalRole__c} Total amount of the SOURCE records: 16
[18:01:05.114] {FinServ__AccountAccountRelation__c} Total amount of the SOURCE records: 0
[18:01:05.373] {FinServ__ContactContactRelation__c} Total amount of the SOURCE records: 2

[18:01:05.377] DELETING OLD DATA FROM THE TARGET...
[18:01:05.379] {FinServ__ContactContactRelation__c} Nothing to delete.
[18:01:05.381] {FinServ__AccountAccountRelation__c} Nothing to delete.
[18:01:05.382] {FinServ__ReciprocalRole__c} Nothing to delete.
[18:01:05.384] {AccountContactRelation} Nothing to delete.
[18:01:05.386] {Contact} Nothing to delete.
[18:01:05.388] {Account} Nothing to delete.
[18:01:05.390] {OperatingHours} Nothing to delete.
[18:01:05.391] {Individual} Nothing to delete.
[18:01:05.393] {RecordType} Nothing to delete.
[18:01:05.395] Deleting old data from the Target was skipped.

[18:01:05.398] RETRIEVING THE DATA STEP 1...
[18:01:05.400] {RecordType} Retrieving the SOURCE data from Org (STEP 1: all records)...
[18:01:05.401] {RecordType} Query string: SELECT Id, DeveloperName, SobjectType  FROM  RecordType WHERE (SobjectType IN ('Contact', 'Account', 'FinServ__ReciprocalRole__c')) ORDER BY SobjectType ASC.
[18:01:05.720] {RecordType} Retrieving the SOURCE data has been completed. Fetched 9 new records.
[18:01:05.722] {OperatingHours} Retrieving the SOURCE data from Org (STEP 1: all records)...
[18:01:05.723] {OperatingHours} Query string: SELECT Id, TimeZone, Name, Description  FROM  OperatingHours.
[18:01:05.931] {OperatingHours} Retrieving the SOURCE data has been completed. Fetched 3 new records.
[18:01:05.933] {Account} Retrieving the SOURCE data from Org (STEP 1: all records)...
[18:01:05.935] {Account} Query string: SELECT Id, Website, Type, TickerSymbol, Site, SicDesc, Sic, ShippingStreet, ShippingState, ShippingPostalCode, ShippingLongitude, ShippingLatitude, ShippingGeocodeAccuracy, ShippingCountry, ShippingCity, Salutation, RecordTypeId, Rating, Phone, Perso... FROM  Account.
[18:01:06.394] {Account} Retrieving the SOURCE data has been completed. Fetched 10 new records.
[18:01:06.396] {Contact} Retrieving the SOURCE data from Org (STEP 1: all records)...
[18:01:06.398] {Contact} Query string: SELECT Id, Title, Salutation, ReportsToId, RecordTypeId, Phone, OtherStreet, OtherState, OtherPostalCode, OtherPhone, OtherLongitude, OtherLatitude, OtherGeocodeAccuracy, OtherCountry, OtherCity, MobilePhone, MailingStreet, MailingState, MailingPosta... FROM  Contact.
[18:01:06.959] {Contact} Retrieving the SOURCE data has been completed. Fetched 7 new records.
[18:01:06.962] {AccountContactRelation} Retrieving the SOURCE data from Org (STEP 1: all records)...
[18:01:06.965] {AccountContactRelation} Query string: SELECT Id, ContactId, AccountId, IsDirect, StartDate, Roles, IsActive, FinServ__SourceSystemId__c, FinServ__Rollups__c, FinServ__Primary__c, FinServ__PrimaryGroup__c, FinServ__IncludeInGroup__c, EndDate, Contact.Name, Account.Name  FROM  AccountContactRelation.
[18:01:07.439] {AccountContactRelation} Retrieving the SOURCE data has been completed. Fetched 7 new records.
[18:01:07.441] {FinServ__ReciprocalRole__c} Retrieving the SOURCE data from Org (STEP 1: all records)...
[18:01:07.444] {FinServ__ReciprocalRole__c} Query string: SELECT Id, RecordTypeId, Name, FinServ__SourceSystemId__c, FinServ__RelationshipType__c, FinServ__InverseRole__c, FinServ__InverseRelationship__c, FinServ__CreateInverseRole__c, RecordType.DeveloperName, FinServ__InverseRelationship__r.Id, FinServ__I... FROM  FinServ__ReciprocalRole__c.
[18:01:07.657] {FinServ__ReciprocalRole__c} Retrieving the SOURCE data has been completed. Fetched 16 new records.
[18:01:07.660] {FinServ__AccountAccountRelation__c} Retrieving the SOURCE data from Org (STEP 1: all records)...
[18:01:07.661] {FinServ__AccountAccountRelation__c} Query string: SELECT Id, FinServ__StartDate__c, FinServ__SourceSystemId__c, FinServ__Role__c, FinServ__RelatedAccount__c, FinServ__InverseRelationship__c, FinServ__ExternalId__c, FinServ__EndDate__c, FinServ__AssociationType__c, FinServ__Active__c, FinServ__Accoun... FROM  FinServ__AccountAccountRelation__c.
[18:01:07.893] {FinServ__AccountAccountRelation__c} Retrieving the SOURCE data has been completed. Fetched 0 new records.
[18:01:07.896] {FinServ__ContactContactRelation__c} Retrieving the SOURCE data from Org (STEP 1: all records)...
[18:01:07.898] {FinServ__ContactContactRelation__c} Query string: SELECT Id, FinServ__StartDate__c, FinServ__SourceSystemId__c, FinServ__Role__c, Name, FinServ__InverseRelationship__c, FinServ__ExternalId__c, FinServ__EndDate__c, FinServ__Contact__c, FinServ__Active__c, FinServ__Role__r.Id, FinServ__Role__r.Name, F... FROM  FinServ__ContactContactRelation__c.
[18:01:08.102] {FinServ__ContactContactRelation__c} Retrieving the SOURCE data has been completed. Fetched 2 new records.
[18:01:08.105] Retrieving the data STEP 1 has been completed.

[18:01:08.107] RETRIEVING THE DATA STEP 2...
[18:01:08.108] PASS 1
[18:01:08.110] =============
[18:01:08.112] No records

[18:01:08.117] PASS 2
[18:01:08.118] =============
[18:01:08.120] No records

[18:01:08.123] PASS 3
[18:01:08.125] =============
[18:01:08.129] No records

[18:01:08.132] PASS 4
[18:01:08.133] =============
[18:01:08.135] No records

[18:01:08.137] TARGET
[18:01:08.138] =============
[18:01:08.139] No records
[18:01:08.140] Retrieving the data STEP 2 has been completed.

[18:01:08.144] DATA RETRIEVING SUMMARY
[18:01:08.145] {RecordType} Total retrieved within all steps (source/target): 9/0 records.
[18:01:08.146] {OperatingHours} Total retrieved within all steps (source/target): 3/0 records.
[18:01:08.147] {Account} Total retrieved within all steps (source/target): 10/0 records.
[18:01:08.148] {Contact} Total retrieved within all steps (source/target): 7/0 records.
[18:01:08.149] {AccountContactRelation} Total retrieved within all steps (source/target): 7/0 records.
[18:01:08.150] {FinServ__ReciprocalRole__c} Total retrieved within all steps (source/target): 16/0 records.
[18:01:08.151] {FinServ__AccountAccountRelation__c} Total retrieved within all steps (source/target): 0/0 records.
[18:01:08.153] {FinServ__ContactContactRelation__c} Total retrieved within all steps (source/target): 2/0 records.
[18:01:08.154] {Individual} Total retrieved within all steps (source/target): 0/0 records.

[18:01:08.156] UPDATING THE TARGET STEP 1...
[18:01:08.159] {RecordType} Writing to the file /Users/jrattanpal/workspace/fsc-demo-pack/data/sfdxdmu/RecordType.csv.
[18:01:08.167] {RecordType} Updating the Target has been completed. Processed 9 records.
[18:01:08.168] {Individual} Writing to the file /Users/jrattanpal/workspace/fsc-demo-pack/data/sfdxdmu/Individual.csv.
[18:01:08.170] {OperatingHours} Writing to the file /Users/jrattanpal/workspace/fsc-demo-pack/data/sfdxdmu/OperatingHours.csv.
[18:01:08.173] {OperatingHours} Updating the Target has been completed. Processed 3 records.
[18:01:08.174] {Account} Writing to the file /Users/jrattanpal/workspace/fsc-demo-pack/data/sfdxdmu/Account.csv.
[18:01:08.181] {Account} Updating the Target has been completed. Processed 10 records.
[18:01:08.183] {Contact} Writing to the file /Users/jrattanpal/workspace/fsc-demo-pack/data/sfdxdmu/Contact.csv.
[18:01:08.194] {Contact} Updating the Target has been completed. Processed 7 records.
[18:01:08.197] {AccountContactRelation} Writing to the file /Users/jrattanpal/workspace/fsc-demo-pack/data/sfdxdmu/AccountContactRelation.csv.
[18:01:08.203] {AccountContactRelation} Updating the Target has been completed. Processed 7 records.
[18:01:08.205] {FinServ__ReciprocalRole__c} Writing to the file /Users/jrattanpal/workspace/fsc-demo-pack/data/sfdxdmu/FinServ__ReciprocalRole__c.csv.
[18:01:08.208] {FinServ__ReciprocalRole__c} Updating the Target has been completed. Processed 16 records.
[18:01:08.210] {FinServ__AccountAccountRelation__c} Writing to the file /Users/jrattanpal/workspace/fsc-demo-pack/data/sfdxdmu/FinServ__AccountAccountRelation__c.csv.
[18:01:08.216] {FinServ__ContactContactRelation__c} Writing to the file /Users/jrattanpal/workspace/fsc-demo-pack/data/sfdxdmu/FinServ__ContactContactRelation__c.csv.
[18:01:08.225] {FinServ__ContactContactRelation__c} Updating the Target has been completed. Processed 2 records.
[18:01:08.227] Updating the Target (STEP 1) has been completed. Total processed 54 records.

[18:01:08.233] UPDATING THE TARGET STEP 2...
[18:01:08.236] Nothing was updated

[18:01:08.242] DATA PROCESSING SUMMARY
[18:01:08.244] {RecordType} Total processed within all steps (Insert + Update): 9 records
[18:01:08.246] {OperatingHours} Total processed within all steps (Insert + Update): 3 records
[18:01:08.249] {Account} Total processed within all steps (Insert + Update): 10 records
[18:01:08.258] {Contact} Total processed within all steps (Insert + Update): 7 records
[18:01:08.269] {AccountContactRelation} Total processed within all steps (Insert + Update): 7 records
[18:01:08.273] {FinServ__ReciprocalRole__c} Total processed within all steps (Insert + Update): 16 records
[18:01:08.274] {FinServ__AccountAccountRelation__c} Total processed within all steps (Insert + Update): 0 records
[18:01:08.293] {FinServ__ContactContactRelation__c} Total processed within all steps (Insert + Update): 2 records
[18:01:08.306] {Individual} Total processed within all steps (Insert + Update): 0 records

[18:01:08.309] Writing to /Users/jrattanpal/workspace/fsc-demo-pack/data/sfdxdmu/MissingParentRecordsReport.csv...

[18:01:08.339] Command succeeded.
[18:01:08.341] Execution of the command sfdmu:run has been finished. Exit code 0 (SUCCESS).
[18:01:08.343] Total time elapsed: 00h 00m 22s 924ms .