
[17:00:20.900] {"Running version":"3.4.9"}

[17:00:21.542] Connecting to jrattanpal-ey3n@force.com using SFDX CLI...
[17:00:33.87] Successfully connected to jrattanpal-ey3n@force.com.
[17:00:33.104] {"SOURCE":"jrattanpal-ey3n@force.com.","TARGET":"csvfile.","Package script":"/Users/jrattanpal/workspace/fsc-demo-pack/data/sfdxdmu/export.json."}

[17:00:33.107] GETTING AND ANALYSING OBJECTS METADATA...
[17:00:33.108] Processing the sObject OperatingHours...
[17:00:33.109] Getting metadata for OperatingHours (SOURCE)
[17:00:33.429] Processing the sObject Account...
[17:00:33.432] Getting metadata for Account (SOURCE)
[17:00:34.963][WARN] Field Account.OperatingHourId is missing in the Source.
[17:00:34.965] Processing the sObject Contact...
[17:00:34.966] Getting metadata for Contact (SOURCE)
[17:00:36.105] Processing the sObject Contact...
[17:00:36.132] Getting metadata for RecordType (SOURCE)
[17:00:36.487] Getting metadata for Individual (SOURCE)
[17:00:36.948] Processing the sObject Account...
[17:00:36.978] Processing the sObject OperatingHours...

[17:00:36.982] PREPARING DATA MIGRATION JOB...
[17:00:36.983] Building migration strategy...
[17:00:36.986] {"Order of objects to retrieve data":"RecordType; OperatingHours; Contact; Account; Individual"}
[17:00:36.987] {"Order of objects to update data":"RecordType; Individual; OperatingHours; Contact; Account"}

[17:00:36.991] GETTING THE TOTAL AMOUNT OF RECORDS LIMITED BY THE OBJECT'S SOQL QUERY...
[17:00:37.577] {RecordType} Total amount of the SOURCE records: 7
[17:00:37.738] {Individual} Total amount of the SOURCE records: 0
[17:00:37.893] {OperatingHours} Total amount of the SOURCE records: 3
[17:00:38.55] {Contact} Total amount of the SOURCE records: 7
[17:00:38.352] {Account} Total amount of the SOURCE records: 10

[17:00:38.356] DELETING OLD DATA FROM THE TARGET...
[17:00:38.357] {Account} Nothing to delete.
[17:00:38.359] {Contact} Nothing to delete.
[17:00:38.360] {OperatingHours} Nothing to delete.
[17:00:38.362] {Individual} Nothing to delete.
[17:00:38.363] {RecordType} Nothing to delete.
[17:00:38.365] Deleting old data from the Target was skipped.

[17:00:38.368] RETRIEVING THE DATA STEP 1...
[17:00:38.370] {RecordType} Retrieving the SOURCE data from Org (STEP 1: all records)...
[17:00:38.372] {RecordType} Query string: SELECT Id, DeveloperName, SobjectType  FROM  RecordType WHERE (SobjectType IN ('Account', 'Contact')) ORDER BY SobjectType ASC.
[17:00:38.634] {RecordType} Retrieving the SOURCE data has been completed. Fetched 7 new records.
[17:00:38.636] {OperatingHours} Retrieving the SOURCE data from Org (STEP 1: all records)...
[17:00:38.638] {OperatingHours} Query string: SELECT Id, TimeZone, Name, Description  FROM  OperatingHours.
[17:00:38.821] {OperatingHours} Retrieving the SOURCE data has been completed. Fetched 3 new records.
[17:00:38.823] {Contact} Retrieving the SOURCE data from Org (STEP 1: all records)...
[17:00:38.824] {Contact} Query string: SELECT Id, Title, Salutation, ReportsToId, RecordTypeId, Phone, OtherStreet, OtherState, OtherPostalCode, OtherPhone, OtherLongitude, OtherLatitude, OtherGeocodeAccuracy, OtherCountry, OtherCity, MobilePhone, MailingStreet, MailingState, MailingPosta... FROM  Contact.
[17:00:39.210] {Contact} Retrieving the SOURCE data has been completed. Fetched 7 new records.
[17:00:39.212] {Account} Retrieving the SOURCE data from Org (STEP 1: all records)...
[17:00:39.214] {Account} Query string: SELECT Id, Website, Type, TickerSymbol, Site, SicDesc, Sic, ShippingStreet, ShippingState, ShippingPostalCode, ShippingLongitude, ShippingLatitude, ShippingGeocodeAccuracy, ShippingCountry, ShippingCity, Salutation, RecordTypeId, Rating, Phone, Perso... FROM  Account.
[17:00:39.691] {Account} Retrieving the SOURCE data has been completed. Fetched 10 new records.
[17:00:39.693] Retrieving the data STEP 1 has been completed.

[17:00:39.695] RETRIEVING THE DATA STEP 2...
[17:00:39.696] PASS 1
[17:00:39.698] =============
[17:00:39.699] No records

[17:00:39.700] PASS 2
[17:00:39.702] =============
[17:00:39.703] No records

[17:00:39.705] PASS 3
[17:00:39.706] =============
[17:00:39.707] No records

[17:00:39.709] PASS 4
[17:00:39.710] =============
[17:00:39.712] No records

[17:00:39.714] TARGET
[17:00:39.715] =============
[17:00:39.716] No records
[17:00:39.718] Retrieving the data STEP 2 has been completed.

[17:00:39.719] DATA RETRIEVING SUMMARY
[17:00:39.720] {RecordType} Total retrieved within all steps (source/target): 7/0 records.
[17:00:39.721] {OperatingHours} Total retrieved within all steps (source/target): 3/0 records.
[17:00:39.723] {Contact} Total retrieved within all steps (source/target): 7/0 records.
[17:00:39.724] {Account} Total retrieved within all steps (source/target): 10/0 records.
[17:00:39.725] {Individual} Total retrieved within all steps (source/target): 0/0 records.

[17:00:39.727] UPDATING THE TARGET STEP 1...
[17:00:39.729] {RecordType} Writing to the file /Users/jrattanpal/workspace/fsc-demo-pack/data/sfdxdmu/RecordType.csv.
[17:00:39.734] {RecordType} Updating the Target has been completed. Processed 7 records.
[17:00:39.735] {Individual} Writing to the file /Users/jrattanpal/workspace/fsc-demo-pack/data/sfdxdmu/Individual.csv.
[17:00:39.737] {OperatingHours} Writing to the file /Users/jrattanpal/workspace/fsc-demo-pack/data/sfdxdmu/OperatingHours.csv.
[17:00:39.739] {OperatingHours} Updating the Target has been completed. Processed 3 records.
[17:00:39.740] {Contact} Writing to the file /Users/jrattanpal/workspace/fsc-demo-pack/data/sfdxdmu/Contact.csv.
[17:00:39.743] {Contact} Updating the Target has been completed. Processed 7 records.
[17:00:39.744] {Account} Writing to the file /Users/jrattanpal/workspace/fsc-demo-pack/data/sfdxdmu/Account.csv.
[17:00:39.749] {Account} Updating the Target has been completed. Processed 10 records.
[17:00:39.750] Updating the Target (STEP 1) has been completed. Total processed 27 records.

[17:00:39.752] UPDATING THE TARGET STEP 2...
[17:00:39.753] Nothing was updated

[17:00:39.756] DATA PROCESSING SUMMARY
[17:00:39.757] {RecordType} Total processed within all steps (Insert + Update): 7 records
[17:00:39.757] {OperatingHours} Total processed within all steps (Insert + Update): 3 records
[17:00:39.758] {Contact} Total processed within all steps (Insert + Update): 7 records
[17:00:39.759] {Account} Total processed within all steps (Insert + Update): 10 records
[17:00:39.760] {Individual} Total processed within all steps (Insert + Update): 0 records

[17:00:39.763] Writing to /Users/jrattanpal/workspace/fsc-demo-pack/data/sfdxdmu/MissingParentRecordsReport.csv...

[17:00:39.766] Command succeeded.
[17:00:39.768] Execution of the command sfdmu:run has been finished. Exit code 0 (SUCCESS).
[17:00:39.769] Total time elapsed: 00h 00m 18s 881ms .