
[17:57:31.914] {"Running version":"3.4.9"}

[17:57:32.404] Connecting to jrattanpal-ey3n@force.com using SFDX CLI...
[17:57:43.713] Successfully connected to jrattanpal-ey3n@force.com.
[17:57:43.758] {"SOURCE":"jrattanpal-ey3n@force.com.","TARGET":"csvfile.","Package script":"/Users/jrattanpal/workspace/fsc-demo-pack/data/sfdxdmu/export.json."}

[17:57:43.761] GETTING AND ANALYSING OBJECTS METADATA...
[17:57:43.762] Processing the sObject OperatingHours...
[17:57:43.763] Getting metadata for OperatingHours (SOURCE)
[17:57:44.58] Processing the sObject Contact...
[17:57:44.59] Getting metadata for Contact (SOURCE)
[17:57:45.42] Processing the sObject Account...
[17:57:45.43] Getting metadata for Account (SOURCE)
[17:57:46.581] Processing the sObject AccountContactRelation...
[17:57:46.583] Getting metadata for AccountContactRelation (SOURCE)
[17:57:46.846][WARN] Field AccountContactRelation.Name is missing in the Source.
[17:57:46.847] Processing the sObject FinServ__AccountAccountRelation__c...
[17:57:46.848] Getting metadata for FinServ__AccountAccountRelation__c (SOURCE)
[17:57:47.139] Processing the sObject FinServ__ReciprocalRole__c...
[17:57:47.141] Getting metadata for FinServ__ReciprocalRole__c (SOURCE)
[17:57:47.431] Processing the sObject FinServ__ReciprocalRole__c...
[17:57:47.458] Getting metadata for RecordType (SOURCE)
[17:57:47.815] Processing the sObject FinServ__AccountAccountRelation__c...
[17:57:47.816] Processing the sObject AccountContactRelation...
[17:57:47.818] Processing the sObject Account...
[17:57:47.829] Getting metadata for Individual (SOURCE)
[17:57:48.123] Processing the sObject Contact...
[17:57:48.130] Processing the sObject OperatingHours...

[17:57:48.135] PREPARING DATA MIGRATION JOB...
[17:57:48.136] Building migration strategy...
[17:57:48.144] {"Order of objects to retrieve data":"RecordType; OperatingHours; Account; Contact; AccountContactRelation; FinServ__ReciprocalRole__c; FinServ__AccountAccountRelation__c; Individual"}
[17:57:48.145] {"Order of objects to update data":"RecordType; Individual; OperatingHours; Account; Contact; AccountContactRelation; FinServ__ReciprocalRole__c; FinServ__AccountAccountRelation__c"}

[17:57:48.152] GETTING THE TOTAL AMOUNT OF RECORDS LIMITED BY THE OBJECT'S SOQL QUERY...
[17:57:48.411] {RecordType} Total amount of the SOURCE records: 9
[17:57:48.660] {Individual} Total amount of the SOURCE records: 0
[17:57:48.883] {OperatingHours} Total amount of the SOURCE records: 3
[17:57:49.77] {Account} Total amount of the SOURCE records: 10
[17:57:49.268] {Contact} Total amount of the SOURCE records: 7
[17:57:49.436] {AccountContactRelation} Total amount of the SOURCE records: 7
[17:57:49.675] {FinServ__ReciprocalRole__c} Total amount of the SOURCE records: 16
[17:57:49.867] {FinServ__AccountAccountRelation__c} Total amount of the SOURCE records: 0

[17:57:49.870] DELETING OLD DATA FROM THE TARGET...
[17:57:49.871] {FinServ__AccountAccountRelation__c} Nothing to delete.
[17:57:49.872] {FinServ__ReciprocalRole__c} Nothing to delete.
[17:57:49.874] {AccountContactRelation} Nothing to delete.
[17:57:49.878] {Contact} Nothing to delete.
[17:57:49.879] {Account} Nothing to delete.
[17:57:49.880] {OperatingHours} Nothing to delete.
[17:57:49.881] {Individual} Nothing to delete.
[17:57:49.883] {RecordType} Nothing to delete.
[17:57:49.884] Deleting old data from the Target was skipped.

[17:57:49.887] RETRIEVING THE DATA STEP 1...
[17:57:49.889] {RecordType} Retrieving the SOURCE data from Org (STEP 1: all records)...
[17:57:49.891] {RecordType} Query string: SELECT Id, DeveloperName, SobjectType  FROM  RecordType WHERE (SobjectType IN ('Contact', 'Account', 'FinServ__ReciprocalRole__c')) ORDER BY SobjectType ASC.
[17:57:50.136] {RecordType} Retrieving the SOURCE data has been completed. Fetched 9 new records.
[17:57:50.137] {OperatingHours} Retrieving the SOURCE data from Org (STEP 1: all records)...
[17:57:50.138] {OperatingHours} Query string: SELECT Id, TimeZone, Name, Description  FROM  OperatingHours.
[17:57:51.303] {OperatingHours} Retrieving the SOURCE data has been completed. Fetched 3 new records.
[17:57:51.306] {Account} Retrieving the SOURCE data from Org (STEP 1: all records)...
[17:57:51.309] {Account} Query string: SELECT Id, Website, Type, TickerSymbol, Site, SicDesc, Sic, ShippingStreet, ShippingState, ShippingPostalCode, ShippingLongitude, ShippingLatitude, ShippingGeocodeAccuracy, ShippingCountry, ShippingCity, Salutation, RecordTypeId, Rating, Phone, Perso... FROM  Account.
[17:57:52.330] {Account} Retrieving the SOURCE data has been completed. Fetched 10 new records.
[17:57:52.331] {Contact} Retrieving the SOURCE data from Org (STEP 1: all records)...
[17:57:52.332] {Contact} Query string: SELECT Id, Title, Salutation, ReportsToId, RecordTypeId, Phone, OtherStreet, OtherState, OtherPostalCode, OtherPhone, OtherLongitude, OtherLatitude, OtherGeocodeAccuracy, OtherCountry, OtherCity, MobilePhone, MailingStreet, MailingState, MailingPosta... FROM  Contact.
[17:57:52.754] {Contact} Retrieving the SOURCE data has been completed. Fetched 7 new records.
[17:57:52.755] {AccountContactRelation} Retrieving the SOURCE data from Org (STEP 1: all records)...
[17:57:52.756] {AccountContactRelation} Query string: SELECT Id, ContactId, AccountId, IsDirect, StartDate, Roles, IsActive, FinServ__SourceSystemId__c, FinServ__Rollups__c, FinServ__Primary__c, FinServ__PrimaryGroup__c, FinServ__IncludeInGroup__c, EndDate, Contact.Name, Account.Name  FROM  AccountContactRelation.
[17:57:52.956] {AccountContactRelation} Retrieving the SOURCE data has been completed. Fetched 7 new records.
[17:57:52.958] {FinServ__ReciprocalRole__c} Retrieving the SOURCE data from Org (STEP 1: all records)...
[17:57:52.959] {FinServ__ReciprocalRole__c} Query string: SELECT Id, RecordTypeId, Name, FinServ__SourceSystemId__c, FinServ__RelationshipType__c, FinServ__InverseRole__c, FinServ__InverseRelationship__c, FinServ__CreateInverseRole__c, RecordType.DeveloperName, FinServ__InverseRelationship__r.Id, FinServ__I... FROM  FinServ__ReciprocalRole__c.
[17:57:53.269] {FinServ__ReciprocalRole__c} Retrieving the SOURCE data has been completed. Fetched 16 new records.
[17:57:53.271] {FinServ__AccountAccountRelation__c} Retrieving the SOURCE data from Org (STEP 1: all records)...
[17:57:53.272] {FinServ__AccountAccountRelation__c} Query string: SELECT Id, FinServ__StartDate__c, FinServ__SourceSystemId__c, FinServ__Role__c, FinServ__RelatedAccount__c, FinServ__InverseRelationship__c, FinServ__ExternalId__c, FinServ__EndDate__c, FinServ__AssociationType__c, FinServ__Active__c, FinServ__Accoun... FROM  FinServ__AccountAccountRelation__c.
[17:57:53.449] {FinServ__AccountAccountRelation__c} Retrieving the SOURCE data has been completed. Fetched 0 new records.
[17:57:53.452] Retrieving the data STEP 1 has been completed.

[17:57:53.455] RETRIEVING THE DATA STEP 2...
[17:57:53.456] PASS 1
[17:57:53.458] =============
[17:57:53.459] No records

[17:57:53.462] PASS 2
[17:57:53.463] =============
[17:57:53.465] No records

[17:57:53.468] PASS 3
[17:57:53.470] =============
[17:57:53.472] No records

[17:57:53.474] PASS 4
[17:57:53.474] =============
[17:57:53.475] No records

[17:57:53.477] TARGET
[17:57:53.478] =============
[17:57:53.479] No records
[17:57:53.480] Retrieving the data STEP 2 has been completed.

[17:57:53.482] DATA RETRIEVING SUMMARY
[17:57:53.483] {RecordType} Total retrieved within all steps (source/target): 9/0 records.
[17:57:53.484] {OperatingHours} Total retrieved within all steps (source/target): 3/0 records.
[17:57:53.484] {Account} Total retrieved within all steps (source/target): 10/0 records.
[17:57:53.485] {Contact} Total retrieved within all steps (source/target): 7/0 records.
[17:57:53.486] {AccountContactRelation} Total retrieved within all steps (source/target): 7/0 records.
[17:57:53.487] {FinServ__ReciprocalRole__c} Total retrieved within all steps (source/target): 16/0 records.
[17:57:53.488] {FinServ__AccountAccountRelation__c} Total retrieved within all steps (source/target): 0/0 records.
[17:57:53.489] {Individual} Total retrieved within all steps (source/target): 0/0 records.

[17:57:53.492] UPDATING THE TARGET STEP 1...
[17:57:53.494] {RecordType} Writing to the file /Users/jrattanpal/workspace/fsc-demo-pack/data/sfdxdmu/RecordType.csv.
[17:57:53.501] {RecordType} Updating the Target has been completed. Processed 9 records.
[17:57:53.502] {Individual} Writing to the file /Users/jrattanpal/workspace/fsc-demo-pack/data/sfdxdmu/Individual.csv.
[17:57:53.505] {OperatingHours} Writing to the file /Users/jrattanpal/workspace/fsc-demo-pack/data/sfdxdmu/OperatingHours.csv.
[17:57:53.513] {OperatingHours} Updating the Target has been completed. Processed 3 records.
[17:57:53.514] {Account} Writing to the file /Users/jrattanpal/workspace/fsc-demo-pack/data/sfdxdmu/Account.csv.
[17:57:53.520] {Account} Updating the Target has been completed. Processed 10 records.
[17:57:53.521] {Contact} Writing to the file /Users/jrattanpal/workspace/fsc-demo-pack/data/sfdxdmu/Contact.csv.
[17:57:53.525] {Contact} Updating the Target has been completed. Processed 7 records.
[17:57:53.526] {AccountContactRelation} Writing to the file /Users/jrattanpal/workspace/fsc-demo-pack/data/sfdxdmu/AccountContactRelation.csv.
[17:57:53.530] {AccountContactRelation} Updating the Target has been completed. Processed 7 records.
[17:57:53.531] {FinServ__ReciprocalRole__c} Writing to the file /Users/jrattanpal/workspace/fsc-demo-pack/data/sfdxdmu/FinServ__ReciprocalRole__c.csv.
[17:57:53.533] {FinServ__ReciprocalRole__c} Updating the Target has been completed. Processed 16 records.
[17:57:53.534] {FinServ__AccountAccountRelation__c} Writing to the file /Users/jrattanpal/workspace/fsc-demo-pack/data/sfdxdmu/FinServ__AccountAccountRelation__c.csv.
[17:57:53.536] Updating the Target (STEP 1) has been completed. Total processed 52 records.

[17:57:53.539] UPDATING THE TARGET STEP 2...
[17:57:53.541] Nothing was updated

[17:57:53.543] DATA PROCESSING SUMMARY
[17:57:53.544] {RecordType} Total processed within all steps (Insert + Update): 9 records
[17:57:53.545] {OperatingHours} Total processed within all steps (Insert + Update): 3 records
[17:57:53.546] {Account} Total processed within all steps (Insert + Update): 10 records
[17:57:53.547] {Contact} Total processed within all steps (Insert + Update): 7 records
[17:57:53.548] {AccountContactRelation} Total processed within all steps (Insert + Update): 7 records
[17:57:53.549] {FinServ__ReciprocalRole__c} Total processed within all steps (Insert + Update): 16 records
[17:57:53.550] {FinServ__AccountAccountRelation__c} Total processed within all steps (Insert + Update): 0 records
[17:57:53.551] {Individual} Total processed within all steps (Insert + Update): 0 records

[17:57:53.553] Writing to /Users/jrattanpal/workspace/fsc-demo-pack/data/sfdxdmu/MissingParentRecordsReport.csv...

[17:57:53.557] Command succeeded.
[17:57:53.559] Execution of the command sfdmu:run has been finished. Exit code 0 (SUCCESS).
[17:57:53.560] Total time elapsed: 00h 00m 21s 653ms .