
[17:04:35.59] {"Running version":"3.4.9"}

[17:04:35.690] Connecting to jrattanpal-ey3n@force.com using SFDX CLI...
[17:04:47.491] Successfully connected to jrattanpal-ey3n@force.com.
[17:04:47.537] {"SOURCE":"jrattanpal-ey3n@force.com.","TARGET":"csvfile.","Package script":"/Users/jrattanpal/workspace/fsc-demo-pack/data/sfdxdmu/export.json."}

[17:04:47.540] GETTING AND ANALYSING OBJECTS METADATA...
[17:04:47.541] Processing the sObject OperatingHours...
[17:04:47.542] Getting metadata for OperatingHours (SOURCE)
[17:04:47.823] Processing the sObject Contact...
[17:04:47.824] Getting metadata for Contact (SOURCE)
[17:04:48.930] Processing the sObject Account...
[17:04:48.931] Getting metadata for Account (SOURCE)
[17:04:50.384][WARN] Field Account.OperatingHourId is missing in the Source.
[17:04:50.386] Processing the sObject Account...
[17:04:50.415] Getting metadata for RecordType (SOURCE)
[17:04:50.770] Getting metadata for Individual (SOURCE)
[17:04:51.93] Processing the sObject Contact...
[17:04:51.100] Processing the sObject OperatingHours...

[17:04:51.105] PREPARING DATA MIGRATION JOB...
[17:04:51.106] Building migration strategy...
[17:04:51.109] {"Order of objects to retrieve data":"RecordType; OperatingHours; Account; Contact; Individual"}
[17:04:51.110] {"Order of objects to update data":"RecordType; Individual; OperatingHours; Account; Contact"}

[17:04:51.115] GETTING THE TOTAL AMOUNT OF RECORDS LIMITED BY THE OBJECT'S SOQL QUERY...
[17:04:51.341] {RecordType} Total amount of the SOURCE records: 7
[17:04:51.521] {Individual} Total amount of the SOURCE records: 0
[17:04:51.685] {OperatingHours} Total amount of the SOURCE records: 3
[17:04:51.856] {Account} Total amount of the SOURCE records: 10
[17:04:52.44] {Contact} Total amount of the SOURCE records: 7

[17:04:52.48] DELETING OLD DATA FROM THE TARGET...
[17:04:52.50] {Contact} Nothing to delete.
[17:04:52.52] {Account} Nothing to delete.
[17:04:52.53] {OperatingHours} Nothing to delete.
[17:04:52.54] {Individual} Nothing to delete.
[17:04:52.56] {RecordType} Nothing to delete.
[17:04:52.56] Deleting old data from the Target was skipped.

[17:04:52.59] RETRIEVING THE DATA STEP 1...
[17:04:52.60] {RecordType} Retrieving the SOURCE data from Org (STEP 1: all records)...
[17:04:52.61] {RecordType} Query string: SELECT Id, DeveloperName, SobjectType  FROM  RecordType WHERE (SobjectType IN ('Contact', 'Account')) ORDER BY SobjectType ASC.
[17:04:52.294] {RecordType} Retrieving the SOURCE data has been completed. Fetched 7 new records.
[17:04:52.295] {OperatingHours} Retrieving the SOURCE data from Org (STEP 1: all records)...
[17:04:52.296] {OperatingHours} Query string: SELECT Id, TimeZone, Name, Description  FROM  OperatingHours.
[17:04:52.524] {OperatingHours} Retrieving the SOURCE data has been completed. Fetched 3 new records.
[17:04:52.532] {Account} Retrieving the SOURCE data from Org (STEP 1: all records)...
[17:04:52.535] {Account} Query string: SELECT Id, Website, Type, TickerSymbol, Site, SicDesc, Sic, ShippingStreet, ShippingState, ShippingPostalCode, ShippingLongitude, ShippingLatitude, ShippingGeocodeAccuracy, ShippingCountry, ShippingCity, Salutation, RecordTypeId, Rating, Phone, Perso... FROM  Account.
[17:04:53.367] {Account} Retrieving the SOURCE data has been completed. Fetched 10 new records.
[17:04:53.369] {Contact} Retrieving the SOURCE data from Org (STEP 1: all records)...
[17:04:53.370] {Contact} Query string: SELECT Id, Title, Salutation, ReportsToId, RecordTypeId, Phone, OtherStreet, OtherState, OtherPostalCode, OtherPhone, OtherLongitude, OtherLatitude, OtherGeocodeAccuracy, OtherCountry, OtherCity, MobilePhone, MailingStreet, MailingState, MailingPosta... FROM  Contact.
[17:04:53.772] {Contact} Retrieving the SOURCE data has been completed. Fetched 7 new records.
[17:04:53.775] Retrieving the data STEP 1 has been completed.

[17:04:53.792] RETRIEVING THE DATA STEP 2...
[17:04:53.798] PASS 1
[17:04:53.800] =============
[17:04:53.803] No records

[17:04:53.808] PASS 2
[17:04:53.810] =============
[17:04:53.811] No records

[17:04:53.814] PASS 3
[17:04:53.815] =============
[17:04:53.817] No records

[17:04:53.819] PASS 4
[17:04:53.819] =============
[17:04:53.821] No records

[17:04:53.823] TARGET
[17:04:53.824] =============
[17:04:53.826] No records
[17:04:53.827] Retrieving the data STEP 2 has been completed.

[17:04:53.829] DATA RETRIEVING SUMMARY
[17:04:53.830] {RecordType} Total retrieved within all steps (source/target): 7/0 records.
[17:04:53.831] {OperatingHours} Total retrieved within all steps (source/target): 3/0 records.
[17:04:53.832] {Account} Total retrieved within all steps (source/target): 10/0 records.
[17:04:53.833] {Contact} Total retrieved within all steps (source/target): 7/0 records.
[17:04:53.834] {Individual} Total retrieved within all steps (source/target): 0/0 records.

[17:04:53.836] UPDATING THE TARGET STEP 1...
[17:04:53.838] {RecordType} Writing to the file /Users/jrattanpal/workspace/fsc-demo-pack/data/sfdxdmu/RecordType.csv.
[17:04:53.845] {RecordType} Updating the Target has been completed. Processed 7 records.
[17:04:53.846] {Individual} Writing to the file /Users/jrattanpal/workspace/fsc-demo-pack/data/sfdxdmu/Individual.csv.
[17:04:53.848] {OperatingHours} Writing to the file /Users/jrattanpal/workspace/fsc-demo-pack/data/sfdxdmu/OperatingHours.csv.
[17:04:53.850] {OperatingHours} Updating the Target has been completed. Processed 3 records.
[17:04:53.851] {Account} Writing to the file /Users/jrattanpal/workspace/fsc-demo-pack/data/sfdxdmu/Account.csv.
[17:04:53.858] {Account} Updating the Target has been completed. Processed 10 records.
[17:04:53.859] {Contact} Writing to the file /Users/jrattanpal/workspace/fsc-demo-pack/data/sfdxdmu/Contact.csv.
[17:04:53.866] {Contact} Updating the Target has been completed. Processed 7 records.
[17:04:53.867] Updating the Target (STEP 1) has been completed. Total processed 27 records.

[17:04:53.870] UPDATING THE TARGET STEP 2...
[17:04:53.871] Nothing was updated

[17:04:53.873] DATA PROCESSING SUMMARY
[17:04:53.874] {RecordType} Total processed within all steps (Insert + Update): 7 records
[17:04:53.875] {OperatingHours} Total processed within all steps (Insert + Update): 3 records
[17:04:53.877] {Account} Total processed within all steps (Insert + Update): 10 records
[17:04:53.878] {Contact} Total processed within all steps (Insert + Update): 7 records
[17:04:53.880] {Individual} Total processed within all steps (Insert + Update): 0 records

[17:04:53.882] Writing to /Users/jrattanpal/workspace/fsc-demo-pack/data/sfdxdmu/MissingParentRecordsReport.csv...

[17:04:53.886] Command succeeded.
[17:04:53.887] Execution of the command sfdmu:run has been finished. Exit code 0 (SUCCESS).
[17:04:53.889] Total time elapsed: 00h 00m 18s 843ms .