
[17:43:27.523] {"Running version":"3.4.9"}

[17:43:28.267] Connecting to FSCADK using SFDX CLI...
[17:43:31.388] Successfully connected to FSCADK.
[17:43:31.400] {"SOURCE":"csvfile.","TARGET":"FSCADK.","Package script":"/Users/jrattanpal/workspace/fsc-demo-pack/data/sfdxdmu/export.json."}

[17:43:31.403] GETTING AND ANALYSING OBJECTS METADATA...
[17:43:31.405] Processing the sObject OperatingHours...
[17:43:31.406] Getting metadata for OperatingHours (TARGET)
[17:43:31.685] Processing the sObject Contact...
[17:43:31.687] Getting metadata for Contact (TARGET)
[17:43:32.843] Processing the sObject Account...
[17:43:32.844] Getting metadata for Account (TARGET)
[17:43:34.282] Processing the sObject AccountContactRelation...
[17:43:34.283] Getting metadata for AccountContactRelation (TARGET)
[17:43:34.620][WARN] Field AccountContactRelation.Name is missing in the Target.
[17:43:34.622] Processing the sObject AccountContactRelation...
[17:43:34.625] Processing the sObject Account...
[17:43:34.657] Getting metadata for RecordType (TARGET)
[17:43:34.979] Getting metadata for Individual (TARGET)
[17:43:35.292] Processing the sObject Contact...
[17:43:35.298] Processing the sObject OperatingHours...

[17:43:35.303] PREPARING DATA MIGRATION JOB...
[17:43:35.304] Building migration strategy...
[17:43:35.309] {"Order of objects to retrieve data":"RecordType; OperatingHours; Account; Contact; AccountContactRelation; Individual"}
[17:43:35.310] {"Order of objects to update data":"RecordType; Individual; OperatingHours; Account; Contact; AccountContactRelation"}
[17:43:35.324] Validating and repairing of the source CSV files...
[17:43:35.436] Amount of updated source CSV files: 0
[17:43:35.437] There are no issues found during the last validation of the source CSV files.
[17:43:35.439] Validating and repairing of the source CSV files have finished.

[17:43:35.442] GETTING THE TOTAL AMOUNT OF RECORDS LIMITED BY THE OBJECT'S SOQL QUERY...
[17:43:35.657] {RecordType} Total amount of the TARGET records: 8
[17:43:35.816] {Individual} Total amount of the TARGET records: 0
[17:43:35.975] {OperatingHours} Total amount of the TARGET records: 0
[17:43:36.147] {Account} Total amount of the TARGET records: 0
[17:43:36.309] {Contact} Total amount of the TARGET records: 0
[17:43:36.470] {AccountContactRelation} Total amount of the TARGET records: 0

[17:43:36.474] DELETING OLD DATA FROM THE TARGET...
[17:43:36.477] {AccountContactRelation} Nothing to delete.
[17:43:36.479] {Contact} Nothing to delete.
[17:43:36.480] {Account} Nothing to delete.
[17:43:36.482] {OperatingHours} Nothing to delete.
[17:43:36.482] {Individual} Nothing to delete.
[17:43:36.484] {RecordType} Nothing to delete.
[17:43:36.485] Deleting old data from the Target was skipped.

[17:43:36.487] RETRIEVING THE DATA STEP 1...
[17:43:36.488] {RecordType} Retrieving the SOURCE data from CSV file (STEP 1: all records)...
[17:43:36.492] {RecordType} Retrieving the SOURCE data has been completed. Fetched 7 new records.
[17:43:36.493] {OperatingHours} Retrieving the SOURCE data from CSV file (STEP 1: all records)...
[17:43:36.495] {OperatingHours} Retrieving the SOURCE data has been completed. Fetched 3 new records.
[17:43:36.497] {Account} Retrieving the SOURCE data from CSV file (STEP 1: all records)...
[17:43:36.517] {Account} Retrieving the SOURCE data has been completed. Fetched 10 new records.
[17:43:36.519] {Contact} Retrieving the SOURCE data from CSV file (STEP 1: all records)...
[17:43:36.523] {Contact} Retrieving the SOURCE data has been completed. Fetched 7 new records.
[17:43:36.525] {AccountContactRelation} Retrieving the SOURCE data from CSV file (STEP 1: all records)...
[17:43:36.534] {AccountContactRelation} Retrieving the SOURCE data has been completed. Fetched 7 new records.
[17:43:36.535] {Individual} Retrieving the SOURCE data from CSV file (STEP 1: all records)...
[17:43:36.539] {Individual} Retrieving the SOURCE data has been completed. Fetched 0 new records.
[17:43:36.541] Retrieving the data STEP 1 has been completed.

[17:43:36.544] RETRIEVING THE DATA STEP 2...
[17:43:36.545] PASS 1
[17:43:36.548] =============
[17:43:36.549] No records

[17:43:36.551] PASS 2
[17:43:36.553] =============
[17:43:36.553] No records

[17:43:36.555] PASS 3
[17:43:36.556] =============
[17:43:36.557] No records

[17:43:36.559] PASS 4
[17:43:36.560] =============
[17:43:36.561] No records

[17:43:36.563] TARGET
[17:43:36.564] =============
[17:43:36.565] {RecordType} Retrieving the TARGET data from Org (STEP 2: all records)...
[17:43:36.566] {RecordType} Query string: SELECT Id, DeveloperName, SobjectType  FROM  RecordType WHERE (SobjectType IN ('Contact', 'Account')) ORDER BY SobjectType ASC.
[17:43:36.774] {RecordType} Retrieving the TARGET data has been completed. Fetched 8 new records.
[17:43:36.775] {OperatingHours} Retrieving the TARGET data from Org (STEP 2: all records)...
[17:43:36.776] {OperatingHours} Query string: SELECT Id, TimeZone, Name, Description  FROM  OperatingHours.
[17:43:36.956] {OperatingHours} Retrieving the TARGET data has been completed. Fetched 0 new records.
[17:43:36.958] {Account} Retrieving the TARGET data from Org (STEP 2: all records)...
[17:43:36.959] {Account} Query string: SELECT Id, Website, Type, TickerSymbol, Site, SicDesc, Sic, ShippingStreet, ShippingState, ShippingPostalCode, ShippingLongitude, ShippingLatitude, ShippingGeocodeAccuracy, ShippingCountry, ShippingCity, Salutation, RecordTypeId, Rating, Phone, Perso... FROM  Account.
[17:43:37.209] {Account} Retrieving the TARGET data has been completed. Fetched 0 new records.
[17:43:37.215] {Contact} Retrieving the TARGET data from Org (STEP 2: all records)...
[17:43:37.216] {Contact} Query string: SELECT Id, Title, Salutation, ReportsToId, RecordTypeId, Phone, OtherStreet, OtherState, OtherPostalCode, OtherPhone, OtherLongitude, OtherLatitude, OtherGeocodeAccuracy, OtherCountry, OtherCity, MobilePhone, MailingStreet, MailingState, MailingPosta... FROM  Contact.
[17:43:37.409] {Contact} Retrieving the TARGET data has been completed. Fetched 0 new records.
[17:43:37.412] Retrieving the data STEP 2 has been completed.

[17:43:37.417] DATA RETRIEVING SUMMARY
[17:43:37.419] {RecordType} Total retrieved within all steps (source/target): 7/8 records.
[17:43:37.420] {OperatingHours} Total retrieved within all steps (source/target): 3/0 records.
[17:43:37.422] {Account} Total retrieved within all steps (source/target): 10/0 records.
[17:43:37.423] {Contact} Total retrieved within all steps (source/target): 7/0 records.
[17:43:37.425] {AccountContactRelation} Total retrieved within all steps (source/target): 7/0 records.
[17:43:37.426] {Individual} Total retrieved within all steps (source/target): 0/0 records.

[17:43:37.431] UPDATING THE TARGET STEP 1...
[17:43:37.435] {OperatingHours} Number of records to Insert: 3.
[17:43:37.438] {OperatingHours} The Insert API operation has been started using REST API.
[17:43:37.439] [Job# REST:Insert] {OperatingHours} The job has been created. Uploading data...
[17:43:37.678] {OperatingHours} The Insert API operation has been finished.
[17:43:37.685] {OperatingHours} Updating the Target has been completed. Processed 3 records.
[17:43:37.689] {Account} Number of records to Insert: 5.
[17:43:37.690] {Account} The Insert API operation has been started using REST API.
[17:43:37.692] [Job# REST:Insert] {Account} The job has been created. Uploading data...
[17:43:38.829] {Account} The Insert API operation has been finished.
[17:43:38.842] {Account} Number of records to Insert: 5.
[17:43:38.844] {Account} The Insert API operation has been started using REST API.
[17:43:38.845] [Job# REST:Insert] {Account} The job has been created. Uploading data...
[17:43:40.594] {Account} The Insert API operation has been finished.
[17:43:40.597] {Account} Updating the Target has been completed. Processed 10 records.
[17:43:40.599] {Contact} Number of records to Insert: 2.
[17:43:40.600] {Contact} The Insert API operation has been started using REST API.
[17:43:40.601] [Job# REST:Insert] {Contact} The job has been created. Uploading data...
[17:43:42.16] {Contact} The Insert API operation has been finished.
[17:43:42.21] {Contact} Updating the Target has been completed. Processed 2 records.
[17:43:42.27][WARN] {AccountContactRelation} 5 missing parent lookup records were found. See MissingParentRecordsReport.csv file for the details.

[17:43:48.41] Writing to /Users/jrattanpal/workspace/fsc-demo-pack/data/sfdxdmu/MissingParentRecordsReport.csv...
[17:43:48.50][ERROR] Execution of the command was ABORTED by the user. 
[17:43:48.51] Execution of the command sfdmu:run has been finished. Exit code 5 (COMMAND_ABORTED_BY_USER).
[17:43:48.52] Total time elapsed: 00h 00m 20s 540ms .