
[11:28:42.705] {"Running version":"3.4.9"}

[11:28:42.933] Connecting to jrattanpal-ey3n@force.com using SFDX CLI...
[11:28:53.238] Successfully connected to jrattanpal-ey3n@force.com.
[11:28:53.245] {"SOURCE":"jrattanpal-ey3n@force.com.","TARGET":"csvfile.","Package script":"/Users/jrattanpal/workspace/fsc-demo-pack/data/sfdxdmu/export.json."}

[11:28:53.250] GETTING AND ANALYSING OBJECTS METADATA...
[11:28:53.251] Processing the sObject OperatingHours...
[11:28:53.255] Getting metadata for OperatingHours (SOURCE)
[11:28:53.536] Processing the sObject Contact...
[11:28:53.537] Getting metadata for Contact (SOURCE)
[11:28:54.198] Processing the sObject Account...
[11:28:54.200] Getting metadata for Account (SOURCE)
[11:28:55.82] Processing the sObject Account...
[11:28:55.104] Getting metadata for Individual (SOURCE)
[11:28:55.407] Processing the sObject Contact...
[11:28:55.415] Processing the sObject OperatingHours...

[11:28:55.422] PREPARING DATA MIGRATION JOB...
[11:28:55.423] Building migration strategy...
[11:28:55.433][ERROR] Execution of the command was ABORTED due to unexpected error: line 1:0 mismatched input '<EOF>' expecting SELECT.
[11:28:55.437] [STACK TRACE] Error: line 1:0 mismatched input '<EOF>' expecting SELECT
    at SyntaxErrorListener.syntaxError (/Users/jrattanpal/.local/share/sfdx/node_modules/soql-parser-js/dist/index.js:382:15)
    at delegates.forEach.listener (/Users/jrattanpal/.local/share/sfdx/node_modules/antlr4ts/ProxyErrorListener.js:37:26)
    at Array.forEach (<anonymous>)
    at ProxyParserErrorListener.syntaxError (/Users/jrattanpal/.local/share/sfdx/node_modules/antlr4ts/ProxyErrorListener.js:35:24)
    at SOQLParser.notifyErrorListeners (/Users/jrattanpal/.local/share/sfdx/node_modules/antlr4ts/Parser.js:388:22)
    at DefaultErrorStrategy.notifyErrorListeners (/Users/jrattanpal/.local/share/sfdx/node_modules/antlr4ts/DefaultErrorStrategy.js:132:20)
    at DefaultErrorStrategy.reportInputMismatch (/Users/jrattanpal/.local/share/sfdx/node_modules/antlr4ts/DefaultErrorStrategy.js:287:14)
    at DefaultErrorStrategy.reportError (/Users/jrattanpal/.local/share/sfdx/node_modules/antlr4ts/DefaultErrorStrategy.js:115:18)
    at SOQLParser.select_clause (/Users/jrattanpal/.local/share/sfdx/node_modules/soql-parser-js/dist/index.js:7439:34)
    at SOQLParser.soql_query (/Users/jrattanpal/.local/share/sfdx/node_modules/soql-parser-js/dist/index.js:7285:22)
[11:28:55.439] Execution of the command sfdmu:run has been finished. Exit code 1 (COMMAND_UNEXPECTED_ERROR).
[11:28:55.442] Total time elapsed: 00h 00m 12s 734ms .