
[11:31:47.774] {"Running version":"3.4.11"}

[11:31:48.106] Connecting to jrattanpal-ey3n@force.com using SFDX CLI...
[11:32:01.591] Successfully connected to jrattanpal-ey3n@force.com.
[11:32:01.598] {"SOURCE":"jrattanpal-ey3n@force.com.","TARGET":"csvfile.","Package script":"/Users/jrattanpal/workspace/fsc-demo-pack/data/sfdxdmu/export.json."}

[11:32:01.603] GETTING AND ANALYSING OBJECTS METADATA...
[11:32:01.605] Processing the sObject OperatingHours...
[11:32:01.607] Getting metadata for OperatingHours (SOURCE)
[11:32:01.839] Processing the sObject Contact...
[11:32:01.841] Getting metadata for Contact (SOURCE)
[11:32:02.487] Processing the sObject Account...
[11:32:02.489] Getting metadata for Account (SOURCE)
[11:32:03.336] Processing the sObject Account...
[11:32:03.355] Getting metadata for Individual (SOURCE)
[11:32:03.675] Processing the sObject Contact...
[11:32:03.683] Processing the sObject OperatingHours...

[11:32:03.690] PREPARING DATA MIGRATION JOB...
[11:32:03.692] Building migration strategy...
[11:32:03.722] {"Order of objects to retrieve data":"OperatingHours; Contact; Account; Individual"}
[11:32:03.724] {"Order of objects to update data":"Individual; OperatingHours; Contact; Account"}
[11:32:03.726] Preparing has been finished.

[11:32:03.733] GETTING THE TOTAL AMOUNT OF RECORDS LIMITED BY THE OBJECT'S SOQL QUERY...
[11:32:03.916] {Individual} Total amount of the SOURCE records: 0
[11:32:04.103] {OperatingHours} Total amount of the SOURCE records: 3
[11:32:04.304] {Contact} Total amount of the SOURCE records: 7
[11:32:04.517] {Account} Total amount of the SOURCE records: 10

[11:32:04.521] DELETING OLD DATA FROM THE TARGET...
[11:32:04.523] {Account} Nothing to delete.
[11:32:04.525] {Contact} Nothing to delete.
[11:32:04.530] {OperatingHours} Nothing to delete.
[11:32:04.533] {Individual} Nothing to delete.
[11:32:04.535] Deleting old data from the Target was skipped.
[11:32:04.537] Ready to process the data.

[11:32:04.543] RETRIEVING THE DATA STEP 1...
[11:32:04.547] {OperatingHours} Retrieving the SOURCE data from Org (STEP 1: all records)...
[11:32:04.549] {OperatingHours} Query string: SELECT Id, TimeZone, Name, Description  FROM  OperatingHours.
[11:32:04.734] {OperatingHours} Retrieving the SOURCE data has been completed. Fetched 3 new records.
[11:32:04.739] {Contact} Retrieving the SOURCE data from Org (STEP 1: all records)...
[11:32:04.741] {Contact} Query string: SELECT Id, Name, IsPersonAccount, AccountId, IsDeleted, MasterRecordId, LastName, FirstName, Salutation, MiddleName, Suffix, OtherStreet, OtherCity, OtherState, OtherPostalCode, OtherCountry, OtherLatitude, OtherLongitude, OtherGeocodeAccuracy, Other... FROM  Contact.
[11:32:05.113] {Contact} Retrieving the SOURCE data has been completed. Fetched 7 new records.
[11:32:05.118] {Account} Retrieving the SOURCE data from Org (STEP 1: all records)...
[11:32:05.120] {Account} Query string: SELECT Id, Name, IsPersonAccount, IsDeleted, MasterRecordId, LastName, FirstName, Salutation, MiddleName, Suffix, Type, ParentId, BillingStreet, BillingCity, BillingState, BillingPostalCode, BillingCountry, BillingLatitude, BillingLongitude, BillingG... FROM  Account.
[11:32:05.775] {Account} Retrieving the SOURCE data has been completed. Fetched 10 new records.
[11:32:05.778] Retrieving the data STEP 1 has been completed.

[11:32:05.781] RETRIEVING THE DATA STEP 2...
[11:32:05.784] PASS 1
[11:32:05.785] =============
[11:32:05.787] No records

[11:32:05.790] PASS 2
[11:32:05.792] =============
[11:32:05.793] No records

[11:32:05.797] PASS 3
[11:32:05.799] =============
[11:32:05.802] No records

[11:32:05.805] PASS 4
[11:32:05.807] =============
[11:32:05.809] No records

[11:32:05.812] TARGET
[11:32:05.814] =============
[11:32:05.816] No records
[11:32:05.818] Retrieving the data STEP 2 has been completed.

[11:32:05.821] DATA RETRIEVING SUMMARY
[11:32:05.823] {OperatingHours} Total retrieved within all steps (source/target): 3/0 records.
[11:32:05.824] {Contact} Total retrieved within all steps (source/target): 7/0 records.
[11:32:05.826] {Account} Total retrieved within all steps (source/target): 10/0 records.
[11:32:05.827] {Individual} Total retrieved within all steps (source/target): 0/0 records.

[11:32:05.831] UPDATING THE TARGET STEP 1...
[11:32:05.833] {Individual} Writing to the file /Users/jrattanpal/workspace/fsc-demo-pack/data/sfdxdmu/Individual.csv.
[11:32:05.837] {OperatingHours} Writing to the file /Users/jrattanpal/workspace/fsc-demo-pack/data/sfdxdmu/OperatingHours.csv.
[11:32:05.846] {OperatingHours} Updating the Target has been completed. Processed 3 records.
[11:32:05.848] {Contact} Writing to the file /Users/jrattanpal/workspace/fsc-demo-pack/data/sfdxdmu/Contact.csv.
[11:32:05.857] {Contact} Updating the Target has been completed. Processed 7 records.
[11:32:05.859] {Account} Writing to the file /Users/jrattanpal/workspace/fsc-demo-pack/data/sfdxdmu/Account.csv.
[11:32:05.868] {Account} Updating the Target has been completed. Processed 10 records.
[11:32:05.869] Updating the Target (STEP 1) has been completed. Total processed 20 records.

[11:32:05.873] UPDATING THE TARGET STEP 2...
[11:32:05.875] Nothing was updated

[11:32:05.879] DATA PROCESSING SUMMARY
[11:32:05.881] {OperatingHours} Total processed within all steps (Insert + Update): 3 records
[11:32:05.883] {Contact} Total processed within all steps (Insert + Update): 7 records
[11:32:05.884] {Account} Total processed within all steps (Insert + Update): 10 records
[11:32:05.886] {Individual} Total processed within all steps (Insert + Update): 0 records

[11:32:05.892] Writing to /Users/jrattanpal/workspace/fsc-demo-pack/data/sfdxdmu/MissingParentRecordsReport.csv...

[11:32:05.898] Command succeeded.
[11:32:05.900] Execution of the command sfdmu:run has been finished. Exit code 0 (SUCCESS).
[11:32:05.903] Total time elapsed: 00h 00m 18s 137ms .