
[17:44:53.992] {"Running version":"3.4.9"}

[17:44:54.607] Connecting to FSCADK using SFDX CLI...
[17:44:57.636] Successfully connected to FSCADK.
[17:44:57.646] {"SOURCE":"csvfile.","TARGET":"FSCADK.","Package script":"/Users/jrattanpal/workspace/fsc-demo-pack/data/sfdxdmu/export.json."}

[17:44:57.650] GETTING AND ANALYSING OBJECTS METADATA...
[17:44:57.651] Processing the sObject OperatingHours...
[17:44:57.652] Getting metadata for OperatingHours (TARGET)
[17:44:57.905] Processing the sObject Contact...
[17:44:57.907] Getting metadata for Contact (TARGET)
[17:44:58.860] Processing the sObject Account...
[17:44:58.861] Getting metadata for Account (TARGET)
[17:45:00.381] Processing the sObject AccountContactRelation...
[17:45:00.382] Getting metadata for AccountContactRelation (TARGET)
[17:45:00.712][WARN] Field AccountContactRelation.Name is missing in the Target.
[17:45:00.715] Processing the sObject AccountContactRelation...
[17:45:00.718] Processing the sObject Account...
[17:45:00.752] Getting metadata for RecordType (TARGET)
[17:45:01.55] Getting metadata for Individual (TARGET)
[17:45:01.373] Processing the sObject Contact...
[17:45:01.379] Processing the sObject OperatingHours...

[17:45:01.384] PREPARING DATA MIGRATION JOB...
[17:45:01.385] Building migration strategy...
[17:45:01.390] {"Order of objects to retrieve data":"RecordType; OperatingHours; Account; Contact; AccountContactRelation; Individual"}
[17:45:01.391] {"Order of objects to update data":"RecordType; Individual; OperatingHours; Account; Contact; AccountContactRelation"}
[17:45:01.403] Validating and repairing of the source CSV files...
[17:45:01.485] Amount of updated source CSV files: 0
[17:45:01.488] There are no issues found during the last validation of the source CSV files.
[17:45:01.489] Validating and repairing of the source CSV files have finished.

[17:45:01.492] GETTING THE TOTAL AMOUNT OF RECORDS LIMITED BY THE OBJECT'S SOQL QUERY...
[17:45:01.726] {RecordType} Total amount of the TARGET records: 8
[17:45:01.886] {Individual} Total amount of the TARGET records: 0
[17:45:02.51] {OperatingHours} Total amount of the TARGET records: 3
[17:45:02.257] {Account} Total amount of the TARGET records: 10
[17:45:02.422] {Contact} Total amount of the TARGET records: 7
[17:45:02.578] {AccountContactRelation} Total amount of the TARGET records: 2

[17:45:02.583] DELETING OLD DATA FROM THE TARGET...
[17:45:02.585] {AccountContactRelation} Nothing to delete.
[17:45:02.586] {Contact} Nothing to delete.
[17:45:02.588] {Account} Nothing to delete.
[17:45:02.589] {OperatingHours} Nothing to delete.
[17:45:02.590] {Individual} Nothing to delete.
[17:45:02.592] {RecordType} Nothing to delete.
[17:45:02.593] Deleting old data from the Target was skipped.

[17:45:02.595] RETRIEVING THE DATA STEP 1...
[17:45:02.597] {RecordType} Retrieving the SOURCE data from CSV file (STEP 1: all records)...
[17:45:02.602] {RecordType} Retrieving the SOURCE data has been completed. Fetched 7 new records.
[17:45:02.604] {OperatingHours} Retrieving the SOURCE data from CSV file (STEP 1: all records)...
[17:45:02.605] {OperatingHours} Retrieving the SOURCE data has been completed. Fetched 3 new records.
[17:45:02.607] {Account} Retrieving the SOURCE data from CSV file (STEP 1: all records)...
[17:45:02.628] {Account} Retrieving the SOURCE data has been completed. Fetched 10 new records.
[17:45:02.630] {Contact} Retrieving the SOURCE data from CSV file (STEP 1: all records)...
[17:45:02.638] {Contact} Retrieving the SOURCE data has been completed. Fetched 7 new records.
[17:45:02.639] {AccountContactRelation} Retrieving the SOURCE data from CSV file (STEP 1: all records)...
[17:45:02.648] {AccountContactRelation} Retrieving the SOURCE data has been completed. Fetched 7 new records.
[17:45:02.650] {Individual} Retrieving the SOURCE data from CSV file (STEP 1: all records)...
[17:45:02.654] {Individual} Retrieving the SOURCE data has been completed. Fetched 0 new records.
[17:45:02.655] Retrieving the data STEP 1 has been completed.

[17:45:02.659] RETRIEVING THE DATA STEP 2...
[17:45:02.661] PASS 1
[17:45:02.662] =============
[17:45:02.663] No records

[17:45:02.665] PASS 2
[17:45:02.666] =============
[17:45:02.667] No records

[17:45:02.669] PASS 3
[17:45:02.670] =============
[17:45:02.671] No records

[17:45:02.673] PASS 4
[17:45:02.674] =============
[17:45:02.675] No records

[17:45:02.676] TARGET
[17:45:02.677] =============
[17:45:02.679] {RecordType} Retrieving the TARGET data from Org (STEP 2: all records)...
[17:45:02.680] {RecordType} Query string: SELECT Id, DeveloperName, SobjectType  FROM  RecordType WHERE (SobjectType IN ('Contact', 'Account')) ORDER BY SobjectType ASC.
[17:45:02.879] {RecordType} Retrieving the TARGET data has been completed. Fetched 8 new records.
[17:45:02.881] {OperatingHours} Retrieving the TARGET data from Org (STEP 2: all records)...
[17:45:02.882] {OperatingHours} Query string: SELECT Id, TimeZone, Name, Description  FROM  OperatingHours.
[17:45:03.53] {OperatingHours} Retrieving the TARGET data has been completed. Fetched 3 new records.
[17:45:03.55] {Account} Retrieving the TARGET data from Org (STEP 2: all records)...
[17:45:03.56] {Account} Query string: SELECT Id, Website, Type, TickerSymbol, Site, SicDesc, Sic, ShippingStreet, ShippingState, ShippingPostalCode, ShippingLongitude, ShippingLatitude, ShippingGeocodeAccuracy, ShippingCountry, ShippingCity, Salutation, RecordTypeId, Rating, Phone, Perso... FROM  Account.
[17:45:03.458] {Account} Retrieving the TARGET data has been completed. Fetched 10 new records.
[17:45:03.460] {Contact} Retrieving the TARGET data from Org (STEP 2: all records)...
[17:45:03.461] {Contact} Query string: SELECT Id, Title, Salutation, ReportsToId, RecordTypeId, Phone, OtherStreet, OtherState, OtherPostalCode, OtherPhone, OtherLongitude, OtherLatitude, OtherGeocodeAccuracy, OtherCountry, OtherCity, MobilePhone, MailingStreet, MailingState, MailingPosta... FROM  Contact.
[17:45:03.891] {Contact} Retrieving the TARGET data has been completed. Fetched 7 new records.
[17:45:03.894] Retrieving the data STEP 2 has been completed.

[17:45:03.897] DATA RETRIEVING SUMMARY
[17:45:03.898] {RecordType} Total retrieved within all steps (source/target): 7/8 records.
[17:45:03.899] {OperatingHours} Total retrieved within all steps (source/target): 3/3 records.
[17:45:03.900] {Account} Total retrieved within all steps (source/target): 10/10 records.
[17:45:03.901] {Contact} Total retrieved within all steps (source/target): 7/7 records.
[17:45:03.902] {AccountContactRelation} Total retrieved within all steps (source/target): 7/0 records.
[17:45:03.904] {Individual} Total retrieved within all steps (source/target): 0/0 records.

[17:45:03.906] UPDATING THE TARGET STEP 1...
[17:45:03.909] {OperatingHours} [INFO] There are 3 skipped target updates, since no matching was found between the source and the target records by the given ExternalId key, or the data is the same.
[17:45:03.916] {Account} Number of records to Update: 5.
[17:45:03.919] {Account} The Update API operation has been started using REST API.
[17:45:03.919] [Job# REST:Update] {Account} The job has been created. Uploading data...
[17:45:05.163] {Account} The Update API operation has been finished.
[17:45:05.168] {Account} [INFO] There are 5 skipped target updates, since no matching was found between the source and the target records by the given ExternalId key, or the data is the same.
[17:45:05.169] {Account} Updating the Target has been completed. Processed 5 records.
[17:45:05.170] {Contact} Number of records to Insert: 1.
[17:45:05.173] {Contact} The Insert API operation has been started using REST API.
[17:45:05.175] [Job# REST:Insert] {Contact} The job has been created. Uploading data...
[17:45:06.139][WARN] [Batch# REST:Insert] {Contact} Incompleted. 0 records succeeded, 1 records failed.
[17:45:06.141] {Contact} The Insert API operation has been finished.
[17:45:06.144] {Contact} [INFO] There are 1 skipped target updates, since no matching was found between the source and the target records by the given ExternalId key, or the data is the same.
[17:45:06.146] {Contact} Updating the Target has been completed. Processed 1 records.
[17:45:06.151][WARN] {AccountContactRelation} 1 missing parent lookup records were found. See MissingParentRecordsReport.csv file for the details.

[17:45:09.331] {AccountContactRelation} Number of records to Insert: 7.
[17:45:09.333] {AccountContactRelation} The Insert API operation has been started using REST API.
[17:45:09.334] [Job# REST:Insert] {AccountContactRelation} The job has been created. Uploading data...
[17:45:12.147][WARN] [Batch# REST:Insert] {AccountContactRelation} Incompleted. 5 records succeeded, 2 records failed.
[17:45:12.149] {AccountContactRelation} The Insert API operation has been finished.
[17:45:12.151] {AccountContactRelation} Updating the Target has been completed. Processed 7 records.
[17:45:12.152] Updating the Target (STEP 1) has been completed. Total processed 13 records.

[17:45:12.154] UPDATING THE TARGET STEP 2...
[17:45:12.161] {Account} Number of records to Update: 5.
[17:45:12.163] {Account} The Update API operation has been started using REST API.
[17:45:12.164] [Job# REST:Update] {Account} The job has been created. Uploading data...
[17:45:12.872] {Account} The Update API operation has been finished.
[17:45:12.874] {Account} [INFO] There are 5 skipped target updates, since no matching was found between the source and the target records by the given ExternalId key, or the data is the same.
[17:45:12.876] {Account} Updating the Target has been completed. Processed 5 records.
[17:45:12.881] {Contact} [INFO] There are 1 skipped target updates, since no matching was found between the source and the target records by the given ExternalId key, or the data is the same.
[17:45:12.883] Updating the Target (STEP 2) has been completed. Total processed 5 records.

[17:45:12.885] DATA PROCESSING SUMMARY
[17:45:12.887] {RecordType} Total processed within all steps (Insert + Update): 0 records
[17:45:12.888] {OperatingHours} Total processed within all steps (Insert + Update): 0 records
[17:45:12.889] {Account} Total processed within all steps (Insert + Update): 10 records
[17:45:12.890] {Contact} Total processed within all steps (Insert + Update): 1 records
[17:45:12.891] {AccountContactRelation} Total processed within all steps (Insert + Update): 7 records
[17:45:12.893] {Individual} Total processed within all steps (Insert + Update): 0 records

[17:45:12.897] Writing to /Users/jrattanpal/workspace/fsc-demo-pack/data/sfdxdmu/MissingParentRecordsReport.csv...

[17:45:12.902] Command succeeded.
[17:45:12.904] Execution of the command sfdmu:run has been finished. Exit code 0 (SUCCESS).
[17:45:12.906] Total time elapsed: 00h 00m 18s 930ms .