
[17:10:25.924] {"Running version":"3.4.9"}

[17:10:26.552] Connecting to jrattanpal-ey3n@force.com using SFDX CLI...
[17:10:39.458] Successfully connected to jrattanpal-ey3n@force.com.
[17:10:39.497] {"SOURCE":"jrattanpal-ey3n@force.com.","TARGET":"csvfile.","Package script":"/Users/jrattanpal/workspace/fsc-demo-pack/data/sfdxdmu/export.json."}

[17:10:39.500] GETTING AND ANALYSING OBJECTS METADATA...
[17:10:39.501] Processing the sObject OperatingHours...
[17:10:39.503] Getting metadata for OperatingHours (SOURCE)
[17:10:39.793] Processing the sObject Contact...
[17:10:39.795] Getting metadata for Contact (SOURCE)
[17:10:40.873] Processing the sObject Account...
[17:10:40.874] Getting metadata for Account (SOURCE)
[17:10:42.668] Processing the sObject AccountContactRelation...
[17:10:42.669] Getting metadata for AccountContactRelation (SOURCE)
[17:10:43.16][WARN] Field AccountContactRelation.Name is missing in the Source.
[17:10:43.17] Processing the sObject AccountContactRelation...
[17:10:43.19] Processing the sObject Account...
[17:10:43.51] Getting metadata for RecordType (SOURCE)
[17:10:43.504] Getting metadata for Individual (SOURCE)
[17:10:43.860] Processing the sObject Contact...
[17:10:43.867] Processing the sObject OperatingHours...

[17:10:43.872] PREPARING DATA MIGRATION JOB...
[17:10:43.873] Building migration strategy...
[17:10:43.878] {"Order of objects to retrieve data":"RecordType; OperatingHours; Account; Contact; AccountContactRelation; Individual"}
[17:10:43.879] {"Order of objects to update data":"RecordType; Individual; OperatingHours; Account; Contact; AccountContactRelation"}

[17:10:43.888] GETTING THE TOTAL AMOUNT OF RECORDS LIMITED BY THE OBJECT'S SOQL QUERY...
[17:10:44.123] {RecordType} Total amount of the SOURCE records: 7
[17:10:44.380] {Individual} Total amount of the SOURCE records: 0
[17:10:44.570] {OperatingHours} Total amount of the SOURCE records: 3
[17:10:44.751] {Account} Total amount of the SOURCE records: 10
[17:10:44.951] {Contact} Total amount of the SOURCE records: 7
[17:10:45.139] {AccountContactRelation} Total amount of the SOURCE records: 7

[17:10:45.141] DELETING OLD DATA FROM THE TARGET...
[17:10:45.143] {AccountContactRelation} Nothing to delete.
[17:10:45.144] {Contact} Nothing to delete.
[17:10:45.145] {Account} Nothing to delete.
[17:10:45.146] {OperatingHours} Nothing to delete.
[17:10:45.147] {Individual} Nothing to delete.
[17:10:45.148] {RecordType} Nothing to delete.
[17:10:45.149] Deleting old data from the Target was skipped.

[17:10:45.152] RETRIEVING THE DATA STEP 1...
[17:10:45.154] {RecordType} Retrieving the SOURCE data from Org (STEP 1: all records)...
[17:10:45.155] {RecordType} Query string: SELECT Id, DeveloperName, SobjectType  FROM  RecordType WHERE (SobjectType IN ('Contact', 'Account')) ORDER BY SobjectType ASC.
[17:10:45.428] {RecordType} Retrieving the SOURCE data has been completed. Fetched 7 new records.
[17:10:45.429] {OperatingHours} Retrieving the SOURCE data from Org (STEP 1: all records)...
[17:10:45.430] {OperatingHours} Query string: SELECT Id, TimeZone, Name, Description  FROM  OperatingHours.
[17:10:45.632] {OperatingHours} Retrieving the SOURCE data has been completed. Fetched 3 new records.
[17:10:45.636] {Account} Retrieving the SOURCE data from Org (STEP 1: all records)...
[17:10:45.637] {Account} Query string: SELECT Id, Website, Type, TickerSymbol, Site, SicDesc, Sic, ShippingStreet, ShippingState, ShippingPostalCode, ShippingLongitude, ShippingLatitude, ShippingGeocodeAccuracy, ShippingCountry, ShippingCity, Salutation, RecordTypeId, Rating, Phone, Perso... FROM  Account.
[17:10:46.65] {Account} Retrieving the SOURCE data has been completed. Fetched 10 new records.
[17:10:46.67] {Contact} Retrieving the SOURCE data from Org (STEP 1: all records)...
[17:10:46.68] {Contact} Query string: SELECT Id, Title, Salutation, ReportsToId, RecordTypeId, Phone, OtherStreet, OtherState, OtherPostalCode, OtherPhone, OtherLongitude, OtherLatitude, OtherGeocodeAccuracy, OtherCountry, OtherCity, MobilePhone, MailingStreet, MailingState, MailingPosta... FROM  Contact.
[17:10:46.435] {Contact} Retrieving the SOURCE data has been completed. Fetched 7 new records.
[17:10:46.437] {AccountContactRelation} Retrieving the SOURCE data from Org (STEP 1: all records)...
[17:10:46.439] {AccountContactRelation} Query string: SELECT Id, StartDate, Roles, IsActive, FinServ__SourceSystemId__c, FinServ__Rollups__c, FinServ__Primary__c, FinServ__PrimaryGroup__c, FinServ__IncludeInGroup__c, EndDate  FROM  AccountContactRelation.
[17:10:46.705] {AccountContactRelation} Retrieving the SOURCE data has been completed. Fetched 7 new records.
[17:10:46.707] Retrieving the data STEP 1 has been completed.

[17:10:46.710] RETRIEVING THE DATA STEP 2...
[17:10:46.710] PASS 1
[17:10:46.712] =============
[17:10:46.713] No records

[17:10:46.715] PASS 2
[17:10:46.716] =============
[17:10:46.718] No records

[17:10:46.719] PASS 3
[17:10:46.720] =============
[17:10:46.722] No records

[17:10:46.724] PASS 4
[17:10:46.725] =============
[17:10:46.726] No records

[17:10:46.728] TARGET
[17:10:46.729] =============
[17:10:46.730] No records
[17:10:46.731] Retrieving the data STEP 2 has been completed.

[17:10:46.734] DATA RETRIEVING SUMMARY
[17:10:46.735] {RecordType} Total retrieved within all steps (source/target): 7/0 records.
[17:10:46.736] {OperatingHours} Total retrieved within all steps (source/target): 3/0 records.
[17:10:46.736] {Account} Total retrieved within all steps (source/target): 10/0 records.
[17:10:46.737] {Contact} Total retrieved within all steps (source/target): 7/0 records.
[17:10:46.739] {AccountContactRelation} Total retrieved within all steps (source/target): 7/0 records.
[17:10:46.740] {Individual} Total retrieved within all steps (source/target): 0/0 records.

[17:10:46.742] UPDATING THE TARGET STEP 1...
[17:10:46.743] {RecordType} Writing to the file /Users/jrattanpal/workspace/fsc-demo-pack/data/sfdxdmu/RecordType.csv.
[17:10:46.760] {RecordType} Updating the Target has been completed. Processed 7 records.
[17:10:46.762] {Individual} Writing to the file /Users/jrattanpal/workspace/fsc-demo-pack/data/sfdxdmu/Individual.csv.
[17:10:46.764] {OperatingHours} Writing to the file /Users/jrattanpal/workspace/fsc-demo-pack/data/sfdxdmu/OperatingHours.csv.
[17:10:46.779] {OperatingHours} Updating the Target has been completed. Processed 3 records.
[17:10:46.780] {Account} Writing to the file /Users/jrattanpal/workspace/fsc-demo-pack/data/sfdxdmu/Account.csv.
[17:10:46.785] {Account} Updating the Target has been completed. Processed 10 records.
[17:10:46.786] {Contact} Writing to the file /Users/jrattanpal/workspace/fsc-demo-pack/data/sfdxdmu/Contact.csv.
[17:10:46.792] {Contact} Updating the Target has been completed. Processed 7 records.
[17:10:46.794] {AccountContactRelation} Writing to the file /Users/jrattanpal/workspace/fsc-demo-pack/data/sfdxdmu/AccountContactRelation.csv.
[17:10:46.796] {AccountContactRelation} Updating the Target has been completed. Processed 7 records.
[17:10:46.796] Updating the Target (STEP 1) has been completed. Total processed 34 records.

[17:10:46.799] UPDATING THE TARGET STEP 2...
[17:10:46.800] Nothing was updated

[17:10:46.803] DATA PROCESSING SUMMARY
[17:10:46.804] {RecordType} Total processed within all steps (Insert + Update): 7 records
[17:10:46.805] {OperatingHours} Total processed within all steps (Insert + Update): 3 records
[17:10:46.806] {Account} Total processed within all steps (Insert + Update): 10 records
[17:10:46.807] {Contact} Total processed within all steps (Insert + Update): 7 records
[17:10:46.808] {AccountContactRelation} Total processed within all steps (Insert + Update): 7 records
[17:10:46.809] {Individual} Total processed within all steps (Insert + Update): 0 records

[17:10:46.810] Writing to /Users/jrattanpal/workspace/fsc-demo-pack/data/sfdxdmu/MissingParentRecordsReport.csv...

[17:10:46.816] Command succeeded.
[17:10:46.817] Execution of the command sfdmu:run has been finished. Exit code 0 (SUCCESS).
[17:10:46.819] Total time elapsed: 00h 00m 20s 904ms .