
[11:34:49.48] {"Running version":"3.4.11"}

[11:34:49.457] Connecting to jrattanpal-ey3n@force.com using SFDX CLI...
[11:35:10.307] Successfully connected to jrattanpal-ey3n@force.com.
[11:35:10.315] {"SOURCE":"jrattanpal-ey3n@force.com.","TARGET":"csvfile.","Package script":"/Users/jrattanpal/workspace/fsc-demo-pack/data/sfdxdmu/export.json."}

[11:35:10.320] GETTING AND ANALYSING OBJECTS METADATA...
[11:35:10.322] Processing the sObject OperatingHours...
[11:35:10.325] Getting metadata for OperatingHours (SOURCE)
[11:35:10.595] Processing the sObject Contact...
[11:35:10.597] Getting metadata for Contact (SOURCE)
[11:35:11.253] Processing the sObject Account...
[11:35:11.254] Getting metadata for Account (SOURCE)
[11:35:12.94] Processing the sObject Lead...
[11:35:12.99] Getting metadata for Lead (SOURCE)
[11:35:12.452] Processing the sObject AccountContactRelation...
[11:35:12.454] Getting metadata for AccountContactRelation (SOURCE)
[11:35:12.675][WARN] Field AccountContactRelation.Name is missing in the Source.
[11:35:12.677] Processing the sObject FinServ__AccountAccountRelation__c...
[11:35:12.680] Getting metadata for FinServ__AccountAccountRelation__c (SOURCE)
[11:35:12.949] Processing the sObject FinServ__ReciprocalRole__c...
[11:35:12.951] Getting metadata for FinServ__ReciprocalRole__c (SOURCE)
[11:35:13.210] Processing the sObject FinServ__ContactContactRelation__c...
[11:35:13.212] Getting metadata for FinServ__ContactContactRelation__c (SOURCE)
[11:35:13.486] Processing the sObject FinServ__ContactContactRelation__c...
[11:35:13.493] Processing the sObject FinServ__ReciprocalRole__c...
[11:35:13.495] Processing the sObject FinServ__AccountAccountRelation__c...
[11:35:13.499] Processing the sObject AccountContactRelation...
[11:35:13.500] Processing the sObject Lead...
[11:35:13.507] Getting metadata for Individual (SOURCE)
[11:35:13.801] Processing the sObject Account...
[11:35:13.832] Processing the sObject Contact...
[11:35:13.840] Processing the sObject OperatingHours...

[11:35:13.848] PREPARING DATA MIGRATION JOB...
[11:35:13.849] Building migration strategy...
[11:35:14.11] {"Order of objects to retrieve data":"OperatingHours; Contact; Account; Lead; AccountContactRelation; FinServ__ReciprocalRole__c; FinServ__AccountAccountRelation__c; FinServ__ContactContactRelation__c; Individual"}
[11:35:14.13] {"Order of objects to update data":"Individual; OperatingHours; Contact; Account; Lead; AccountContactRelation; FinServ__ReciprocalRole__c; FinServ__AccountAccountRelation__c; FinServ__ContactContactRelation__c"}
[11:35:14.15] Preparing has been finished.

[11:35:14.20] GETTING THE TOTAL AMOUNT OF RECORDS LIMITED BY THE OBJECT'S SOQL QUERY...
[11:35:14.173] {Individual} Total amount of the SOURCE records: 0
[11:35:14.330] {OperatingHours} Total amount of the SOURCE records: 3
[11:35:14.479] {Contact} Total amount of the SOURCE records: 7
[11:35:14.646] {Account} Total amount of the SOURCE records: 10
[11:35:14.815] {Lead} Total amount of the SOURCE records: 9
[11:35:15.29] {AccountContactRelation} Total amount of the SOURCE records: 7
[11:35:15.195] {FinServ__ReciprocalRole__c} Total amount of the SOURCE records: 16
[11:35:15.370] {FinServ__AccountAccountRelation__c} Total amount of the SOURCE records: 0
[11:35:15.529] {FinServ__ContactContactRelation__c} Total amount of the SOURCE records: 2

[11:35:15.537] DELETING OLD DATA FROM THE TARGET...
[11:35:15.540] {FinServ__ContactContactRelation__c} Nothing to delete.
[11:35:15.542] {FinServ__AccountAccountRelation__c} Nothing to delete.
[11:35:15.544] {FinServ__ReciprocalRole__c} Nothing to delete.
[11:35:15.545] {AccountContactRelation} Nothing to delete.
[11:35:15.547] {Lead} Nothing to delete.
[11:35:15.549] {Account} Nothing to delete.
[11:35:15.551] {Contact} Nothing to delete.
[11:35:15.552] {OperatingHours} Nothing to delete.
[11:35:15.554] {Individual} Nothing to delete.
[11:35:15.555] Deleting old data from the Target was skipped.
[11:35:15.557] Ready to process the data.

[11:35:15.561] RETRIEVING THE DATA STEP 1...
[11:35:15.564] {OperatingHours} Retrieving the SOURCE data from Org (STEP 1: all records)...
[11:35:15.566] {OperatingHours} Query string: SELECT Id, TimeZone, Name, Description  FROM  OperatingHours.
[11:35:16.325] {OperatingHours} Retrieving the SOURCE data has been completed. Fetched 3 new records.
[11:35:16.328] {Contact} Retrieving the SOURCE data from Org (STEP 1: all records)...
[11:35:16.330] {Contact} Query string: SELECT Id, Name, IsPersonAccount, AccountId, IsDeleted, MasterRecordId, LastName, FirstName, Salutation, MiddleName, Suffix, OtherStreet, OtherCity, OtherState, OtherPostalCode, OtherCountry, OtherLatitude, OtherLongitude, OtherGeocodeAccuracy, Other... FROM  Contact.
[11:35:16.635] {Contact} Retrieving the SOURCE data has been completed. Fetched 7 new records.
[11:35:16.638] {Account} Retrieving the SOURCE data from Org (STEP 1: all records)...
[11:35:16.639] {Account} Query string: SELECT Id, Name, IsPersonAccount, IsDeleted, MasterRecordId, LastName, FirstName, Salutation, MiddleName, Suffix, Type, ParentId, BillingStreet, BillingCity, BillingState, BillingPostalCode, BillingCountry, BillingLatitude, BillingLongitude, BillingG... FROM  Account.
[11:35:17.124] {Account} Retrieving the SOURCE data has been completed. Fetched 10 new records.
[11:35:17.127] {Lead} Retrieving the SOURCE data from Org (STEP 1: all records)...
[11:35:17.129] {Lead} Query string: SELECT Id, Name, IsDeleted, MasterRecordId, LastName, FirstName, Salutation, MiddleName, Suffix, Title, Company, Street, City, State, PostalCode, Country, Latitude, Longitude, GeocodeAccuracy, Address, Phone, MobilePhone, Fax, Email, Website, PhotoUr... FROM  Lead.
[11:35:17.505] {Lead} Retrieving the SOURCE data has been completed. Fetched 9 new records.
[11:35:17.508] {AccountContactRelation} Retrieving the SOURCE data from Org (STEP 1: all records)...
[11:35:17.509] {AccountContactRelation} Query string: SELECT Id, AccountId, ContactId, Roles, IsDirect, IsActive, StartDate, EndDate, IsDeleted, CreatedDate, LastModifiedDate, SystemModstamp, FinServ__Primary__c, FinServ__Rollups__c, FinServ__SourceSystemId__c, FinServ__IncludeInGroup__c, FinServ__Prima... FROM  AccountContactRelation.
[11:35:17.692] {AccountContactRelation} Retrieving the SOURCE data has been completed. Fetched 7 new records.
[11:35:17.693] {FinServ__ReciprocalRole__c} Retrieving the SOURCE data from Org (STEP 1: all records)...
[11:35:17.694] {FinServ__ReciprocalRole__c} Query string: SELECT Id, Name, IsDeleted, CreatedDate, LastModifiedDate, SystemModstamp, LastViewedDate, LastReferencedDate, FinServ__CreateInverseRole__c, FinServ__InverseRelationship__c, FinServ__InverseRole__c, FinServ__RelationshipType__c, FinServ__SourceSyste... FROM  FinServ__ReciprocalRole__c.
[11:35:17.883] {FinServ__ReciprocalRole__c} Retrieving the SOURCE data has been completed. Fetched 16 new records.
[11:35:17.885] {FinServ__AccountAccountRelation__c} Retrieving the SOURCE data from Org (STEP 1: all records)...
[11:35:17.886] {FinServ__AccountAccountRelation__c} Query string: SELECT Id, Name, IsDeleted, CreatedDate, LastModifiedDate, SystemModstamp, FinServ__Account__c, FinServ__Active__c, FinServ__EndDate__c, FinServ__ExternalId__c, FinServ__InverseRelationship__c, FinServ__RelatedAccount__c, FinServ__Role__c, FinServ__S... FROM  FinServ__AccountAccountRelation__c.
[11:35:18.61] {FinServ__AccountAccountRelation__c} Retrieving the SOURCE data has been completed. Fetched 0 new records.
[11:35:18.64] {FinServ__ContactContactRelation__c} Retrieving the SOURCE data from Org (STEP 1: all records)...
[11:35:18.67] {FinServ__ContactContactRelation__c} Query string: SELECT Id, Name, IsDeleted, CreatedDate, LastModifiedDate, SystemModstamp, FinServ__Active__c, FinServ__Contact__c, FinServ__EndDate__c, FinServ__ExternalId__c, FinServ__InverseRelationship__c, FinServ__RelatedContact__c, FinServ__Role__c, FinServ__S... FROM  FinServ__ContactContactRelation__c.
[11:35:18.240] {FinServ__ContactContactRelation__c} Retrieving the SOURCE data has been completed. Fetched 2 new records.
[11:35:18.242] Retrieving the data STEP 1 has been completed.

[11:35:18.245] RETRIEVING THE DATA STEP 2...
[11:35:18.247] PASS 1
[11:35:18.250] =============
[11:35:18.253] No records

[11:35:18.258] PASS 2
[11:35:18.259] =============
[11:35:18.260] No records

[11:35:18.265] PASS 3
[11:35:18.268] =============
[11:35:18.271] No records

[11:35:18.276] PASS 4
[11:35:18.278] =============
[11:35:18.280] No records

[11:35:18.283] TARGET
[11:35:18.285] =============
[11:35:18.288] No records
[11:35:18.290] Retrieving the data STEP 2 has been completed.

[11:35:18.294] DATA RETRIEVING SUMMARY
[11:35:18.296] {OperatingHours} Total retrieved within all steps (source/target): 3/0 records.
[11:35:18.298] {Contact} Total retrieved within all steps (source/target): 7/0 records.
[11:35:18.299] {Account} Total retrieved within all steps (source/target): 10/0 records.
[11:35:18.301] {Lead} Total retrieved within all steps (source/target): 9/0 records.
[11:35:18.303] {AccountContactRelation} Total retrieved within all steps (source/target): 7/0 records.
[11:35:18.305] {FinServ__ReciprocalRole__c} Total retrieved within all steps (source/target): 16/0 records.
[11:35:18.307] {FinServ__AccountAccountRelation__c} Total retrieved within all steps (source/target): 0/0 records.
[11:35:18.309] {FinServ__ContactContactRelation__c} Total retrieved within all steps (source/target): 2/0 records.
[11:35:18.310] {Individual} Total retrieved within all steps (source/target): 0/0 records.

[11:35:18.315] UPDATING THE TARGET STEP 1...
[11:35:18.318] {Individual} Writing to the file /Users/jrattanpal/workspace/fsc-demo-pack/data/sfdxdmu/Individual.csv.
[11:35:18.322] {OperatingHours} Writing to the file /Users/jrattanpal/workspace/fsc-demo-pack/data/sfdxdmu/OperatingHours.csv.
[11:35:18.333] {OperatingHours} Updating the Target has been completed. Processed 3 records.
[11:35:18.349] {Contact} Writing to the file /Users/jrattanpal/workspace/fsc-demo-pack/data/sfdxdmu/Contact.csv.
[11:35:18.357] {Contact} Updating the Target has been completed. Processed 7 records.
[11:35:18.359] {Account} Writing to the file /Users/jrattanpal/workspace/fsc-demo-pack/data/sfdxdmu/Account.csv.
[11:35:18.369] {Account} Updating the Target has been completed. Processed 10 records.
[11:35:18.370] {Lead} Writing to the file /Users/jrattanpal/workspace/fsc-demo-pack/data/sfdxdmu/Lead.csv.
[11:35:18.376] {Lead} Updating the Target has been completed. Processed 9 records.
[11:35:18.378] {AccountContactRelation} Writing to the file /Users/jrattanpal/workspace/fsc-demo-pack/data/sfdxdmu/AccountContactRelation.csv.
[11:35:18.381] {AccountContactRelation} Updating the Target has been completed. Processed 7 records.
[11:35:18.383] {FinServ__ReciprocalRole__c} Writing to the file /Users/jrattanpal/workspace/fsc-demo-pack/data/sfdxdmu/FinServ__ReciprocalRole__c.csv.
[11:35:18.387] {FinServ__ReciprocalRole__c} Updating the Target has been completed. Processed 16 records.
[11:35:18.389] {FinServ__AccountAccountRelation__c} Writing to the file /Users/jrattanpal/workspace/fsc-demo-pack/data/sfdxdmu/FinServ__AccountAccountRelation__c.csv.
[11:35:18.391] {FinServ__ContactContactRelation__c} Writing to the file /Users/jrattanpal/workspace/fsc-demo-pack/data/sfdxdmu/FinServ__ContactContactRelation__c.csv.
[11:35:18.395] {FinServ__ContactContactRelation__c} Updating the Target has been completed. Processed 2 records.
[11:35:18.397] Updating the Target (STEP 1) has been completed. Total processed 54 records.

[11:35:18.401] UPDATING THE TARGET STEP 2...
[11:35:18.403] Nothing was updated

[11:35:18.408] DATA PROCESSING SUMMARY
[11:35:18.410] {OperatingHours} Total processed within all steps (Insert + Update): 3 records
[11:35:18.412] {Contact} Total processed within all steps (Insert + Update): 7 records
[11:35:18.413] {Account} Total processed within all steps (Insert + Update): 10 records
[11:35:18.415] {Lead} Total processed within all steps (Insert + Update): 9 records
[11:35:18.417] {AccountContactRelation} Total processed within all steps (Insert + Update): 7 records
[11:35:18.418] {FinServ__ReciprocalRole__c} Total processed within all steps (Insert + Update): 16 records
[11:35:18.420] {FinServ__AccountAccountRelation__c} Total processed within all steps (Insert + Update): 0 records
[11:35:18.422] {FinServ__ContactContactRelation__c} Total processed within all steps (Insert + Update): 2 records
[11:35:18.423] {Individual} Total processed within all steps (Insert + Update): 0 records

[11:35:18.426] Writing to /Users/jrattanpal/workspace/fsc-demo-pack/data/sfdxdmu/MissingParentRecordsReport.csv...

[11:35:18.432] Command succeeded.
[11:35:18.434] Execution of the command sfdmu:run has been finished. Exit code 0 (SUCCESS).
[11:35:18.436] Total time elapsed: 00h 00m 29s 400ms .