
[16:57:27.716] {"Running version":"3.4.9"}

[16:57:28.596] Connecting to jrattanpal-ey3n@force.com using SFDX CLI...
[16:57:41.963] Successfully connected to jrattanpal-ey3n@force.com.
[16:57:42.5] {"SOURCE":"jrattanpal-ey3n@force.com.","TARGET":"csvfile.","Package script":"/Users/jrattanpal/workspace/fsc-demo-pack/data/sfdxdmu/export.json."}

[16:57:42.8] GETTING AND ANALYSING OBJECTS METADATA...
[16:57:42.10] Processing the sObject OperatingHours...
[16:57:42.11] Getting metadata for OperatingHours (SOURCE)
[16:57:42.284] Processing the sObject Account...
[16:57:42.285] Getting metadata for Account (SOURCE)
[16:57:43.873] Processing the sObject Contact...
[16:57:43.874] Getting metadata for Contact (SOURCE)
[16:57:44.908] Processing the sObject Contact...
[16:57:44.945] Getting metadata for RecordType (SOURCE)
[16:57:45.344] Processing the sObject Account...
[16:57:45.370] Processing the sObject OperatingHours...

[16:57:45.374] PREPARING DATA MIGRATION JOB...
[16:57:45.376] Building migration strategy...
[16:57:45.379] {"Order of objects to retrieve data":"RecordType; OperatingHours; Account; Contact"}
[16:57:45.381] {"Order of objects to update data":"RecordType; OperatingHours; Account; Contact"}

[16:57:45.387] GETTING THE TOTAL AMOUNT OF RECORDS LIMITED BY THE OBJECT'S SOQL QUERY...
[16:57:45.699] {RecordType} Total amount of the SOURCE records: 7
[16:57:45.888] {OperatingHours} Total amount of the SOURCE records: 3
[16:57:46.76] {Account} Total amount of the SOURCE records: 10
[16:57:46.250] {Contact} Total amount of the SOURCE records: 7

[16:57:46.253] DELETING OLD DATA FROM THE TARGET...
[16:57:46.255] {Contact} Nothing to delete.
[16:57:46.257] {Account} Nothing to delete.
[16:57:46.258] {OperatingHours} Nothing to delete.
[16:57:46.260] {RecordType} Nothing to delete.
[16:57:46.262] Deleting old data from the Target was skipped.

[16:57:46.267] RETRIEVING THE DATA STEP 1...
[16:57:46.270] {RecordType} Retrieving the SOURCE data from Org (STEP 1: all records)...
[16:57:46.271] {RecordType} Query string: SELECT Id, DeveloperName, SobjectType  FROM  RecordType WHERE (SobjectType IN ('Account', 'Contact')) ORDER BY SobjectType ASC.
[16:57:46.521] {RecordType} Retrieving the SOURCE data has been completed. Fetched 7 new records.
[16:57:46.523] {OperatingHours} Retrieving the SOURCE data from Org (STEP 1: all records)...
[16:57:46.524] {OperatingHours} Query string: SELECT Id, TimeZone, Name, Description  FROM  OperatingHours.
[16:57:46.686] {OperatingHours} Retrieving the SOURCE data has been completed. Fetched 3 new records.
[16:57:46.691] {Account} Retrieving the SOURCE data from Org (STEP 1: all records)...
[16:57:46.692] {Account} Query string: SELECT Id, Website, Type, TickerSymbol, Site, SicDesc, Sic, ShippingStreet, ShippingState, ShippingPostalCode, ShippingLongitude, ShippingLatitude, ShippingGeocodeAccuracy, ShippingCountry, ShippingCity, Salutation, RecordTypeId, Rating, Phone, Perso... FROM  Account.
[16:57:47.273] {Account} Retrieving the SOURCE data has been completed. Fetched 10 new records.
[16:57:47.275] {Contact} Retrieving the SOURCE data from Org (STEP 1: all records)...
[16:57:47.277] {Contact} Query string: SELECT Id, Title, Salutation, Name, RecordTypeId, Phone, OtherStreet, OtherState, OtherPostalCode, OtherPhone, OtherLongitude, OtherLatitude, OtherGeocodeAccuracy, OtherCountry, OtherCity, MobilePhone, MailingStreet, MailingState, MailingPostalCode, ... FROM  Contact.
[16:57:47.639] {Contact} Retrieving the SOURCE data has been completed. Fetched 7 new records.
[16:57:47.640] Retrieving the data STEP 1 has been completed.

[16:57:47.642] RETRIEVING THE DATA STEP 2...
[16:57:47.644] PASS 1
[16:57:47.645] =============
[16:57:47.647] No records

[16:57:47.649] PASS 2
[16:57:47.650] =============
[16:57:47.651] No records

[16:57:47.653] PASS 3
[16:57:47.654] =============
[16:57:47.656] No records

[16:57:47.658] PASS 4
[16:57:47.659] =============
[16:57:47.662] No records

[16:57:47.664] TARGET
[16:57:47.665] =============
[16:57:47.666] No records
[16:57:47.668] Retrieving the data STEP 2 has been completed.

[16:57:47.670] DATA RETRIEVING SUMMARY
[16:57:47.672] {RecordType} Total retrieved within all steps (source/target): 7/0 records.
[16:57:47.673] {OperatingHours} Total retrieved within all steps (source/target): 3/0 records.
[16:57:47.674] {Account} Total retrieved within all steps (source/target): 10/0 records.
[16:57:47.676] {Contact} Total retrieved within all steps (source/target): 7/0 records.

[16:57:47.679] UPDATING THE TARGET STEP 1...
[16:57:47.681] {RecordType} Writing to the file /Users/jrattanpal/workspace/fsc-demo-pack/data/sfdxdmu/RecordType.csv.
[16:57:47.688] {RecordType} Updating the Target has been completed. Processed 7 records.
[16:57:47.689] {OperatingHours} Writing to the file /Users/jrattanpal/workspace/fsc-demo-pack/data/sfdxdmu/OperatingHours.csv.
[16:57:47.693] {OperatingHours} Updating the Target has been completed. Processed 3 records.
[16:57:47.694] {Account} Writing to the file /Users/jrattanpal/workspace/fsc-demo-pack/data/sfdxdmu/Account.csv.
[16:57:47.707] {Account} Updating the Target has been completed. Processed 10 records.
[16:57:47.708] {Contact} Writing to the file /Users/jrattanpal/workspace/fsc-demo-pack/data/sfdxdmu/Contact.csv.
[16:57:47.715] {Contact} Updating the Target has been completed. Processed 7 records.
[16:57:47.717] Updating the Target (STEP 1) has been completed. Total processed 27 records.

[16:57:47.719] UPDATING THE TARGET STEP 2...
[16:57:47.720] Nothing was updated

[16:57:47.722] DATA PROCESSING SUMMARY
[16:57:47.723] {RecordType} Total processed within all steps (Insert + Update): 7 records
[16:57:47.725] {OperatingHours} Total processed within all steps (Insert + Update): 3 records
[16:57:47.726] {Account} Total processed within all steps (Insert + Update): 10 records
[16:57:47.727] {Contact} Total processed within all steps (Insert + Update): 7 records

[16:57:47.731] Writing to /Users/jrattanpal/workspace/fsc-demo-pack/data/sfdxdmu/MissingParentRecordsReport.csv...

[16:57:47.734] Command succeeded.
[16:57:47.736] Execution of the command sfdmu:run has been finished. Exit code 0 (SUCCESS).
[16:57:47.737] Total time elapsed: 00h 00m 20s 034ms .