
[15:09:59.773] {"Running version":"3.4.9"}

[15:10:00.94] Connecting to jrattanpal-ey3n@force.com using SFDX CLI...
[15:10:12.420] Successfully connected to jrattanpal-ey3n@force.com.
[15:10:12.479] {"SOURCE":"jrattanpal-ey3n@force.com.","TARGET":"csvfile.","Package script":"/Users/jrattanpal/workspace/fsc-demo-pack/data/sfdxdmu/export.json."}

[15:10:12.482] GETTING AND ANALYSING OBJECTS METADATA...
[15:10:12.483] Processing the sObject OperatingHours...
[15:10:12.484] Getting metadata for OperatingHours (SOURCE)
[15:10:12.777] Processing the sObject Account...
[15:10:12.778] Getting metadata for Account (SOURCE)
[15:10:14.275] Processing the sObject Contact...
[15:10:14.276] Getting metadata for Contact (SOURCE)
[15:10:15.440] Processing the sObject Contact...
[15:10:15.460] Processing the sObject Account...
[15:10:15.505] Processing the sObject OperatingHours...

[15:10:15.510] PREPARING DATA MIGRATION JOB...
[15:10:15.511] Building migration strategy...
[15:10:15.514] {"Order of objects to retrieve data":"OperatingHours; Account; Contact"}
[15:10:15.515] {"Order of objects to update data":"OperatingHours; Account; Contact"}

[15:10:15.520] GETTING THE TOTAL AMOUNT OF RECORDS LIMITED BY THE OBJECT'S SOQL QUERY...
[15:10:15.685] {OperatingHours} Total amount of the SOURCE records: 3
[15:10:15.893] {Account} Total amount of the SOURCE records: 10
[15:10:16.994] {Contact} Total amount of the SOURCE records: 7

[15:10:16.996] DELETING OLD DATA FROM THE TARGET...
[15:10:16.997] {Contact} Nothing to delete.
[15:10:16.998] {Account} Nothing to delete.
[15:10:16.999] {OperatingHours} Nothing to delete.
[15:10:17.0] Deleting old data from the Target was skipped.

[15:10:17.2] RETRIEVING THE DATA STEP 1...
[15:10:17.4] {OperatingHours} Retrieving the SOURCE data from Org (STEP 1: all records)...
[15:10:17.5] {OperatingHours} Query string: SELECT Id, TimeZone, Name, Description  FROM  OperatingHours.
[15:10:17.315] {OperatingHours} Retrieving the SOURCE data has been completed. Fetched 3 new records.
[15:10:17.317] {Account} Retrieving the SOURCE data from Org (STEP 1: all records)...
[15:10:17.319] {Account} Query string: SELECT Id, Website, Type, TickerSymbol, Site, SicDesc, Sic, ShippingStreet, ShippingState, ShippingPostalCode, ShippingLongitude, ShippingLatitude, ShippingGeocodeAccuracy, ShippingCountry, ShippingCity, Salutation, Name, Rating, Phone, PersonTitle, ... FROM  Account.
[15:10:17.741] {Account} Retrieving the SOURCE data has been completed. Fetched 10 new records.
[15:10:17.744] {Contact} Retrieving the SOURCE data from Org (STEP 1: all records)...
[15:10:17.745] {Contact} Query string: SELECT Id, Title, Salutation, Name, Phone, OtherStreet, OtherState, OtherPostalCode, OtherPhone, OtherLongitude, OtherLatitude, OtherGeocodeAccuracy, OtherCountry, OtherCity, MobilePhone, MailingStreet, MailingState, MailingPostalCode, MailingLongitu... FROM  Contact.
[15:10:18.180] {Contact} Retrieving the SOURCE data has been completed. Fetched 7 new records.
[15:10:18.181] Retrieving the data STEP 1 has been completed.

[15:10:18.183] RETRIEVING THE DATA STEP 2...
[15:10:18.184] PASS 1
[15:10:18.185] =============
[15:10:18.186] No records

[15:10:18.188] PASS 2
[15:10:18.189] =============
[15:10:18.190] No records

[15:10:18.192] PASS 3
[15:10:18.193] =============
[15:10:18.194] No records

[15:10:18.195] PASS 4
[15:10:18.196] =============
[15:10:18.197] No records

[15:10:18.200] TARGET
[15:10:18.200] =============
[15:10:18.201] No records
[15:10:18.202] Retrieving the data STEP 2 has been completed.

[15:10:18.205] DATA RETRIEVING SUMMARY
[15:10:18.207] {OperatingHours} Total retrieved within all steps (source/target): 3/0 records.
[15:10:18.208] {Account} Total retrieved within all steps (source/target): 10/0 records.
[15:10:18.209] {Contact} Total retrieved within all steps (source/target): 7/0 records.

[15:10:18.211] UPDATING THE TARGET STEP 1...
[15:10:18.213] {OperatingHours} Writing to the file /Users/jrattanpal/workspace/fsc-demo-pack/data/sfdxdmu/OperatingHours.csv.
[15:10:18.219] {OperatingHours} Updating the Target has been completed. Processed 3 records.
[15:10:18.222] {Account} Writing to the file /Users/jrattanpal/workspace/fsc-demo-pack/data/sfdxdmu/Account.csv.
[15:10:18.250] {Account} Updating the Target has been completed. Processed 10 records.
[15:10:18.252] {Contact} Writing to the file /Users/jrattanpal/workspace/fsc-demo-pack/data/sfdxdmu/Contact.csv.
[15:10:18.257] {Contact} Updating the Target has been completed. Processed 7 records.
[15:10:18.258] Updating the Target (STEP 1) has been completed. Total processed 20 records.

[15:10:18.263] UPDATING THE TARGET STEP 2...
[15:10:18.266] Nothing was updated

[15:10:18.269] DATA PROCESSING SUMMARY
[15:10:18.270] {OperatingHours} Total processed within all steps (Insert + Update): 3 records
[15:10:18.271] {Account} Total processed within all steps (Insert + Update): 10 records
[15:10:18.272] {Contact} Total processed within all steps (Insert + Update): 7 records

[15:10:18.274] Writing to /Users/jrattanpal/workspace/fsc-demo-pack/data/sfdxdmu/MissingParentRecordsReport.csv...

[15:10:18.279] Command succeeded.
[15:10:18.283] Execution of the command sfdmu:run has been finished. Exit code 0 (SUCCESS).
[15:10:18.285] Total time elapsed: 00h 00m 18s 515ms .