
[15:00:56.382] {"Running version":"3.4.9"}

[15:00:56.923] Connecting to jrattanpal-ey3n@force.com using SFDX CLI...
[15:01:11.347] Successfully connected to jrattanpal-ey3n@force.com.
[15:01:11.396] {"SOURCE":"jrattanpal-ey3n@force.com.","TARGET":"csvfile.","Package script":"/Users/jrattanpal/workspace/fsc-demo-pack/data/sfdxdmu/export.json."}

[15:01:11.399] GETTING AND ANALYSING OBJECTS METADATA...
[15:01:11.400] Processing the sObject OperatingHours...
[15:01:11.401] Getting metadata for OperatingHours (SOURCE)
[15:01:11.795] Processing the sObject Account...
[15:01:11.796] Getting metadata for Account (SOURCE)
[15:01:13.597] Processing the sObject Contact...
[15:01:13.598] Getting metadata for Contact (SOURCE)
[15:01:15.449] Processing the sObject Lead...
[15:01:15.450] Getting metadata for Lead (SOURCE)
[15:01:16.634] Processing the sObject Lead...
[15:01:16.640] Processing the sObject Contact...
[15:01:16.649] Processing the sObject Account...
[15:01:16.677] Processing the sObject OperatingHours...

[15:01:16.681] PREPARING DATA MIGRATION JOB...
[15:01:16.682] Building migration strategy...
[15:01:16.693][ERROR] Execution of the command was ABORTED due to unexpected error: line 1:0 mismatched input '<EOF>' expecting SELECT.
[15:01:16.702] [STACK TRACE] Error: line 1:0 mismatched input '<EOF>' expecting SELECT
    at SyntaxErrorListener.syntaxError (/Users/jrattanpal/.local/share/sfdx/node_modules/soql-parser-js/dist/index.js:382:15)
    at delegates.forEach.listener (/Users/jrattanpal/.local/share/sfdx/node_modules/antlr4ts/ProxyErrorListener.js:37:26)
    at Array.forEach (<anonymous>)
    at ProxyParserErrorListener.syntaxError (/Users/jrattanpal/.local/share/sfdx/node_modules/antlr4ts/ProxyErrorListener.js:35:24)
    at SOQLParser.notifyErrorListeners (/Users/jrattanpal/.local/share/sfdx/node_modules/antlr4ts/Parser.js:388:22)
    at DefaultErrorStrategy.notifyErrorListeners (/Users/jrattanpal/.local/share/sfdx/node_modules/antlr4ts/DefaultErrorStrategy.js:132:20)
    at DefaultErrorStrategy.reportInputMismatch (/Users/jrattanpal/.local/share/sfdx/node_modules/antlr4ts/DefaultErrorStrategy.js:287:14)
    at DefaultErrorStrategy.reportError (/Users/jrattanpal/.local/share/sfdx/node_modules/antlr4ts/DefaultErrorStrategy.js:115:18)
    at SOQLParser.select_clause (/Users/jrattanpal/.local/share/sfdx/node_modules/soql-parser-js/dist/index.js:7439:34)
    at SOQLParser.soql_query (/Users/jrattanpal/.local/share/sfdx/node_modules/soql-parser-js/dist/index.js:7285:22)
[15:01:16.704] Execution of the command sfdmu:run has been finished. Exit code 1 (COMMAND_UNEXPECTED_ERROR).
[15:01:16.705] Total time elapsed: 00h 00m 20s 319ms .