
[18:06:29.420] {"Running version":"3.4.9"}

[18:06:29.956] Connecting to jrattanpal-ey3n@force.com using SFDX CLI...
[18:06:41.854] Successfully connected to jrattanpal-ey3n@force.com.
[18:06:41.869] {"SOURCE":"jrattanpal-ey3n@force.com.","TARGET":"csvfile.","Package script":"/Users/jrattanpal/workspace/fsc-demo-pack/data/sfdxdmu/export.json."}

[18:06:41.872] GETTING AND ANALYSING OBJECTS METADATA...
[18:06:41.873] Processing the sObject OperatingHours...
[18:06:41.875] Getting metadata for OperatingHours (SOURCE)
[18:06:42.197] Processing the sObject Contact...
[18:06:42.198] Getting metadata for Contact (SOURCE)
[18:06:43.228] Processing the sObject Account...
[18:06:43.229] Getting metadata for Account (SOURCE)
[18:06:44.924] Processing the sObject AccountContactRelation...
[18:06:44.925] Getting metadata for AccountContactRelation (SOURCE)
[18:06:45.255][WARN] Field AccountContactRelation.Name is missing in the Source.
[18:06:45.256] Processing the sObject FinServ__AccountAccountRelation__c...
[18:06:45.257] Getting metadata for FinServ__AccountAccountRelation__c (SOURCE)
[18:06:45.510] Processing the sObject FinServ__ReciprocalRole__c...
[18:06:45.514] Getting metadata for FinServ__ReciprocalRole__c (SOURCE)
[18:06:45.809] Processing the sObject FinServ__ContactContactRelation__c...
[18:06:45.811] Getting metadata for FinServ__ContactContactRelation__c (SOURCE)
[18:06:46.127] Processing the sObject FinServ__ContactContactRelation__c...
[18:06:46.133] Processing the sObject FinServ__ReciprocalRole__c...
[18:06:46.164] Getting metadata for RecordType (SOURCE)
[18:06:46.472] Processing the sObject FinServ__AccountAccountRelation__c...
[18:06:46.474] Processing the sObject AccountContactRelation...
[18:06:46.476] Processing the sObject Account...
[18:06:46.478] Processing the sObject Contact...
[18:06:46.479] Processing the sObject OperatingHours...

[18:06:46.481] PREPARING DATA MIGRATION JOB...
[18:06:46.482] Building migration strategy...
[18:06:46.490][ERROR] Execution of the command was ABORTED due to unexpected error: line 1:0 mismatched input '<EOF>' expecting SELECT.
[18:06:46.495] [STACK TRACE] Error: line 1:0 mismatched input '<EOF>' expecting SELECT
    at SyntaxErrorListener.syntaxError (/Users/jrattanpal/.local/share/sfdx/node_modules/soql-parser-js/dist/index.js:382:15)
    at delegates.forEach.listener (/Users/jrattanpal/.local/share/sfdx/node_modules/antlr4ts/ProxyErrorListener.js:37:26)
    at Array.forEach (<anonymous>)
    at ProxyParserErrorListener.syntaxError (/Users/jrattanpal/.local/share/sfdx/node_modules/antlr4ts/ProxyErrorListener.js:35:24)
    at SOQLParser.notifyErrorListeners (/Users/jrattanpal/.local/share/sfdx/node_modules/antlr4ts/Parser.js:388:22)
    at DefaultErrorStrategy.notifyErrorListeners (/Users/jrattanpal/.local/share/sfdx/node_modules/antlr4ts/DefaultErrorStrategy.js:132:20)
    at DefaultErrorStrategy.reportInputMismatch (/Users/jrattanpal/.local/share/sfdx/node_modules/antlr4ts/DefaultErrorStrategy.js:287:14)
    at DefaultErrorStrategy.reportError (/Users/jrattanpal/.local/share/sfdx/node_modules/antlr4ts/DefaultErrorStrategy.js:115:18)
    at SOQLParser.select_clause (/Users/jrattanpal/.local/share/sfdx/node_modules/soql-parser-js/dist/index.js:7439:34)
    at SOQLParser.soql_query (/Users/jrattanpal/.local/share/sfdx/node_modules/soql-parser-js/dist/index.js:7285:22)
[18:06:46.498] Execution of the command sfdmu:run has been finished. Exit code 1 (COMMAND_UNEXPECTED_ERROR).
[18:06:46.499] Total time elapsed: 00h 00m 17s 085ms .