
[15:07:39.67] {"Running version":"3.4.9"}

[15:07:39.590] Connecting to jrattanpal-ey3n@force.com using SFDX CLI...
[15:07:51.948] Successfully connected to jrattanpal-ey3n@force.com.
[15:07:51.990] {"SOURCE":"jrattanpal-ey3n@force.com.","TARGET":"csvfile.","Package script":"/Users/jrattanpal/workspace/fsc-demo-pack/data/sfdxdmu/export.json."}

[15:07:51.994] GETTING AND ANALYSING OBJECTS METADATA...
[15:07:51.995] Processing the sObject OperatingHours...
[15:07:51.996] Getting metadata for OperatingHours (SOURCE)
[15:07:52.338] Processing the sObject Account...
[15:07:52.339] Getting metadata for Account (SOURCE)
[15:07:54.195] Processing the sObject Contact...
[15:07:54.198] Getting metadata for Contact (SOURCE)
[15:07:55.268] Processing the sObject Contact...
[15:07:55.278] Processing the sObject Account...
[15:07:55.303] Processing the sObject OperatingHours...

[15:07:55.309] PREPARING DATA MIGRATION JOB...
[15:07:55.310] Building migration strategy...
[15:07:55.320] {"Order of objects to retrieve data":"OperatingHours; Account; Contact"}
[15:07:55.330] {"Order of objects to update data":"OperatingHours; Account; Contact"}

[15:07:55.339] GETTING THE TOTAL AMOUNT OF RECORDS LIMITED BY THE OBJECT'S SOQL QUERY...
[15:07:55.584] {OperatingHours} Total amount of the SOURCE records: 3
[15:07:55.754] {Account} Total amount of the SOURCE records: 10
[15:07:55.929] {Contact} Total amount of the SOURCE records: 7

[15:07:55.933] DELETING OLD DATA FROM THE TARGET...
[15:07:55.934] {Contact} Nothing to delete.
[15:07:55.936] {Account} Nothing to delete.
[15:07:55.936] {OperatingHours} Nothing to delete.
[15:07:55.938] Deleting old data from the Target was skipped.

[15:07:55.941] RETRIEVING THE DATA STEP 1...
[15:07:55.943] {OperatingHours} Retrieving the SOURCE data from Org (STEP 1: all records)...
[15:07:55.945] {OperatingHours} Query string: SELECT Id, TimeZone, Name, Description  FROM  OperatingHours.
[15:07:56.131] {OperatingHours} Retrieving the SOURCE data has been completed. Fetched 3 new records.
[15:07:56.133] {Account} Retrieving the SOURCE data from Org (STEP 1: all records)...
[15:07:56.134] {Account} Query string: SELECT Id, Website, Type, TickerSymbol, Suffix, Site, SicDesc, Sic, ShippingStreet, ShippingState, ShippingPostalCode, ShippingLongitude, ShippingLatitude, ShippingGeocodeAccuracy, ShippingCountry, ShippingCity, Salutation, Name, Rating, Phone, Perso... FROM  Account.
[15:07:56.588] {Account} Retrieving the SOURCE data has been completed. Fetched 10 new records.
[15:07:56.591] {Contact} Retrieving the SOURCE data from Org (STEP 1: all records)...
[15:07:56.592] {Contact} Query string: SELECT Id, Title, Suffix, Salutation, Name, Phone, OtherStreet, OtherState, OtherPostalCode, OtherPhone, OtherLongitude, OtherLatitude, OtherGeocodeAccuracy, OtherCountry, OtherCity, MobilePhone, MiddleName, MailingStreet, MailingState, MailingPostal... FROM  Contact.
[15:07:57.73] {Contact} Retrieving the SOURCE data has been completed. Fetched 7 new records.
[15:07:57.74] Retrieving the data STEP 1 has been completed.

[15:07:57.75] RETRIEVING THE DATA STEP 2...
[15:07:57.76] PASS 1
[15:07:57.77] =============
[15:07:57.78] No records

[15:07:57.80] PASS 2
[15:07:57.81] =============
[15:07:57.83] No records

[15:07:57.85] PASS 3
[15:07:57.86] =============
[15:07:57.88] No records

[15:07:57.90] PASS 4
[15:07:57.91] =============
[15:07:57.92] No records

[15:07:57.94] TARGET
[15:07:57.95] =============
[15:07:57.96] No records
[15:07:57.97] Retrieving the data STEP 2 has been completed.

[15:07:57.110] DATA RETRIEVING SUMMARY
[15:07:57.112] {OperatingHours} Total retrieved within all steps (source/target): 3/0 records.
[15:07:57.114] {Account} Total retrieved within all steps (source/target): 10/0 records.
[15:07:57.115] {Contact} Total retrieved within all steps (source/target): 7/0 records.

[15:07:57.119] UPDATING THE TARGET STEP 1...
[15:07:57.120] {OperatingHours} Writing to the file /Users/jrattanpal/workspace/fsc-demo-pack/data/sfdxdmu/OperatingHours.csv.
[15:07:57.130] {OperatingHours} Updating the Target has been completed. Processed 3 records.
[15:07:57.132] {Account} Writing to the file /Users/jrattanpal/workspace/fsc-demo-pack/data/sfdxdmu/Account.csv.
[15:07:57.141] {Account} Updating the Target has been completed. Processed 10 records.
[15:07:57.144] {Contact} Writing to the file /Users/jrattanpal/workspace/fsc-demo-pack/data/sfdxdmu/Contact.csv.
[15:07:57.149] {Contact} Updating the Target has been completed. Processed 7 records.
[15:07:57.149] Updating the Target (STEP 1) has been completed. Total processed 20 records.

[15:07:57.152] UPDATING THE TARGET STEP 2...
[15:07:57.155] Nothing was updated

[15:07:57.169] DATA PROCESSING SUMMARY
[15:07:57.170] {OperatingHours} Total processed within all steps (Insert + Update): 3 records
[15:07:57.172] {Account} Total processed within all steps (Insert + Update): 10 records
[15:07:57.173] {Contact} Total processed within all steps (Insert + Update): 7 records

[15:07:57.175] Writing to /Users/jrattanpal/workspace/fsc-demo-pack/data/sfdxdmu/MissingParentRecordsReport.csv...

[15:07:57.180] Command succeeded.
[15:07:57.182] Execution of the command sfdmu:run has been finished. Exit code 0 (SUCCESS).
[15:07:57.183] Total time elapsed: 00h 00m 18s 125ms .