
[17:01:49.922] {"Running version":"3.4.9"}

[17:01:50.452] Connecting to FSCADK using SFDX CLI...
[17:01:54.97] Successfully connected to FSCADK.
[17:01:54.109] {"SOURCE":"csvfile.","TARGET":"FSCADK.","Package script":"/Users/jrattanpal/workspace/fsc-demo-pack/data/sfdxdmu/export.json."}

[17:01:54.113] GETTING AND ANALYSING OBJECTS METADATA...
[17:01:54.114] Processing the sObject OperatingHours...
[17:01:54.115] Getting metadata for OperatingHours (TARGET)
[17:01:54.447] Processing the sObject Account...
[17:01:54.449] Getting metadata for Account (TARGET)
[17:01:56.382][WARN] Field Account.OperatingHourId is missing in the Target.
[17:01:56.384] Processing the sObject Contact...
[17:01:56.385] Getting metadata for Contact (TARGET)
[17:01:57.596] Processing the sObject Contact...
[17:01:57.626] Getting metadata for RecordType (TARGET)
[17:01:58.107] Getting metadata for Individual (TARGET)
[17:01:58.844] Processing the sObject Account...
[17:01:58.875] Processing the sObject OperatingHours...

[17:01:58.879] PREPARING DATA MIGRATION JOB...
[17:01:58.880] Building migration strategy...
[17:01:58.884] {"Order of objects to retrieve data":"RecordType; OperatingHours; Contact; Account; Individual"}
[17:01:58.885] {"Order of objects to update data":"RecordType; Individual; OperatingHours; Contact; Account"}
[17:01:58.909] Validating and repairing of the source CSV files...
[17:01:59.136] Amount of updated source CSV files: 0
[17:01:59.139] There are no issues found during the last validation of the source CSV files.
[17:01:59.143] Validating and repairing of the source CSV files have finished.

[17:01:59.177] GETTING THE TOTAL AMOUNT OF RECORDS LIMITED BY THE OBJECT'S SOQL QUERY...
[17:01:59.499] {RecordType} Total amount of the TARGET records: 8
[17:01:59.680] {Individual} Total amount of the TARGET records: 0
[17:01:59.850] {OperatingHours} Total amount of the TARGET records: 0
[17:02:00.32] {Contact} Total amount of the TARGET records: 0
[17:02:00.237] {Account} Total amount of the TARGET records: 0

[17:02:00.240] DELETING OLD DATA FROM THE TARGET...
[17:02:00.241] {Account} Nothing to delete.
[17:02:00.242] {Contact} Nothing to delete.
[17:02:00.243] {OperatingHours} Nothing to delete.
[17:02:00.245] {Individual} Nothing to delete.
[17:02:00.246] {RecordType} Nothing to delete.
[17:02:00.246] Deleting old data from the Target was skipped.

[17:02:00.249] RETRIEVING THE DATA STEP 1...
[17:02:00.252] {RecordType} Retrieving the SOURCE data from CSV file (STEP 1: all records)...
[17:02:00.260] {RecordType} Retrieving the SOURCE data has been completed. Fetched 7 new records.
[17:02:00.262] {OperatingHours} Retrieving the SOURCE data from CSV file (STEP 1: all records)...
[17:02:00.265] {OperatingHours} Retrieving the SOURCE data has been completed. Fetched 3 new records.
[17:02:00.267] {Contact} Retrieving the SOURCE data from CSV file (STEP 1: all records)...
[17:02:00.291] {Contact} Retrieving the SOURCE data has been completed. Fetched 7 new records.
[17:02:00.293] {Account} Retrieving the SOURCE data from CSV file (STEP 1: all records)...
[17:02:00.311] {Account} Retrieving the SOURCE data has been completed. Fetched 10 new records.
[17:02:00.312] {Individual} Retrieving the SOURCE data from CSV file (STEP 1: all records)...
[17:02:00.317] {Individual} Retrieving the SOURCE data has been completed. Fetched 0 new records.
[17:02:00.318] Retrieving the data STEP 1 has been completed.

[17:02:00.321] RETRIEVING THE DATA STEP 2...
[17:02:00.322] PASS 1
[17:02:00.323] =============
[17:02:00.324] No records

[17:02:00.326] PASS 2
[17:02:00.326] =============
[17:02:00.327] No records

[17:02:00.330] PASS 3
[17:02:00.331] =============
[17:02:00.332] No records

[17:02:00.334] PASS 4
[17:02:00.335] =============
[17:02:00.336] No records

[17:02:00.338] TARGET
[17:02:00.339] =============
[17:02:00.340] {RecordType} Retrieving the TARGET data from Org (STEP 2: all records)...
[17:02:00.341] {RecordType} Query string: SELECT Id, DeveloperName, SobjectType  FROM  RecordType WHERE (SobjectType IN ('Account', 'Contact')) ORDER BY SobjectType ASC.
[17:02:00.565] {RecordType} Retrieving the TARGET data has been completed. Fetched 8 new records.
[17:02:00.567] {OperatingHours} Retrieving the TARGET data from Org (STEP 2: all records)...
[17:02:00.568] {OperatingHours} Query string: SELECT Id, TimeZone, Name, Description  FROM  OperatingHours.
[17:02:00.753] {OperatingHours} Retrieving the TARGET data has been completed. Fetched 0 new records.
[17:02:00.754] {Contact} Retrieving the TARGET data from Org (STEP 2: all records)...
[17:02:00.756] {Contact} Query string: SELECT Id, Title, Salutation, ReportsToId, RecordTypeId, Phone, OtherStreet, OtherState, OtherPostalCode, OtherPhone, OtherLongitude, OtherLatitude, OtherGeocodeAccuracy, OtherCountry, OtherCity, MobilePhone, MailingStreet, MailingState, MailingPosta... FROM  Contact.
[17:02:00.984] {Contact} Retrieving the TARGET data has been completed. Fetched 0 new records.
[17:02:00.992] {Account} Retrieving the TARGET data from Org (STEP 2: all records)...
[17:02:00.994] {Account} Query string: SELECT Id, Website, Type, TickerSymbol, Site, SicDesc, Sic, ShippingStreet, ShippingState, ShippingPostalCode, ShippingLongitude, ShippingLatitude, ShippingGeocodeAccuracy, ShippingCountry, ShippingCity, Salutation, RecordTypeId, Rating, Phone, Perso... FROM  Account.
[17:02:01.293] {Account} Retrieving the TARGET data has been completed. Fetched 0 new records.
[17:02:01.296] Retrieving the data STEP 2 has been completed.

[17:02:01.299] DATA RETRIEVING SUMMARY
[17:02:01.300] {RecordType} Total retrieved within all steps (source/target): 7/8 records.
[17:02:01.301] {OperatingHours} Total retrieved within all steps (source/target): 3/0 records.
[17:02:01.302] {Contact} Total retrieved within all steps (source/target): 7/0 records.
[17:02:01.303] {Account} Total retrieved within all steps (source/target): 10/0 records.
[17:02:01.304] {Individual} Total retrieved within all steps (source/target): 0/0 records.

[17:02:01.306] UPDATING THE TARGET STEP 1...
[17:02:01.309] {OperatingHours} Number of records to Insert: 3.
[17:02:01.312] {OperatingHours} The Insert API operation has been started using REST API.
[17:02:01.313] [Job# REST:Insert] {OperatingHours} The job has been created. Uploading data...
[17:02:01.974] {OperatingHours} The Insert API operation has been finished.
[17:02:01.981] {OperatingHours} Updating the Target has been completed. Processed 3 records.
[17:02:01.985] {Contact} Number of records to Insert: 2.
[17:02:01.986] {Contact} The Insert API operation has been started using REST API.
[17:02:01.988] [Job# REST:Insert] {Contact} The job has been created. Uploading data...
[17:02:03.236] {Contact} The Insert API operation has been finished.
[17:02:03.239] {Contact} Updating the Target has been completed. Processed 2 records.
[17:02:03.246] {Account} Number of records to Insert: 5.
[17:02:03.249] {Account} The Insert API operation has been started using REST API.
[17:02:03.251] [Job# REST:Insert] {Account} The job has been created. Uploading data...
[17:02:04.533] {Account} The Insert API operation has been finished.
[17:02:04.541][WARN] {Account} 5 missing parent lookup records were found. See MissingParentRecordsReport.csv file for the details.

[17:02:10.557] Writing to /Users/jrattanpal/workspace/fsc-demo-pack/data/sfdxdmu/MissingParentRecordsReport.csv...
[17:02:10.565][ERROR] Execution of the command was ABORTED by the user. 
[17:02:10.567] Execution of the command sfdmu:run has been finished. Exit code 5 (COMMAND_ABORTED_BY_USER).
[17:02:10.570] Total time elapsed: 00h 00m 20s 654ms .