
[17:13:41.188] {"Running version":"3.4.9"}

[17:13:41.811] Connecting to FSCADK using SFDX CLI...
[17:13:44.940] Successfully connected to FSCADK.
[17:13:44.952] {"SOURCE":"csvfile.","TARGET":"FSCADK.","Package script":"/Users/jrattanpal/workspace/fsc-demo-pack/data/sfdxdmu/export.json."}

[17:13:44.955] GETTING AND ANALYSING OBJECTS METADATA...
[17:13:44.956] Processing the sObject OperatingHours...
[17:13:44.958] Getting metadata for OperatingHours (TARGET)
[17:13:45.411] Processing the sObject Contact...
[17:13:45.412] Getting metadata for Contact (TARGET)
[17:13:46.863] Processing the sObject Account...
[17:13:46.864] Getting metadata for Account (TARGET)
[17:13:48.370] Processing the sObject AccountContactRelation...
[17:13:48.371] Getting metadata for AccountContactRelation (TARGET)
[17:13:48.694][WARN] Field AccountContactRelation.Name is missing in the Target.
[17:13:48.696] Processing the sObject AccountContactRelation...
[17:13:48.699] Processing the sObject Account...
[17:13:48.727] Getting metadata for RecordType (TARGET)
[17:13:49.35] Getting metadata for Individual (TARGET)
[17:13:49.350] Processing the sObject Contact...
[17:13:49.356] Processing the sObject OperatingHours...

[17:13:49.360] PREPARING DATA MIGRATION JOB...
[17:13:49.361] Building migration strategy...
[17:13:49.366] {"Order of objects to retrieve data":"RecordType; OperatingHours; Account; Contact; AccountContactRelation; Individual"}
[17:13:49.367] {"Order of objects to update data":"RecordType; Individual; OperatingHours; Account; Contact; AccountContactRelation"}
[17:13:49.373] Validating and repairing of the source CSV files...
[17:13:49.473] Amount of updated source CSV files: 0
[17:13:49.474] There are no issues found during the last validation of the source CSV files.
[17:13:49.475] Validating and repairing of the source CSV files have finished.

[17:13:49.478] GETTING THE TOTAL AMOUNT OF RECORDS LIMITED BY THE OBJECT'S SOQL QUERY...
[17:13:49.706] {RecordType} Total amount of the TARGET records: 8
[17:13:49.870] {Individual} Total amount of the TARGET records: 0
[17:13:50.60] {OperatingHours} Total amount of the TARGET records: 0
[17:13:50.239] {Account} Total amount of the TARGET records: 0
[17:13:50.400] {Contact} Total amount of the TARGET records: 0
[17:13:50.557] {AccountContactRelation} Total amount of the TARGET records: 0

[17:13:50.560] DELETING OLD DATA FROM THE TARGET...
[17:13:50.562] {AccountContactRelation} Nothing to delete.
[17:13:50.563] {Contact} Nothing to delete.
[17:13:50.564] {Account} Nothing to delete.
[17:13:50.567] {OperatingHours} Nothing to delete.
[17:13:50.569] {Individual} Nothing to delete.
[17:13:50.571] {RecordType} Nothing to delete.
[17:13:50.572] Deleting old data from the Target was skipped.

[17:13:50.575] RETRIEVING THE DATA STEP 1...
[17:13:50.577] {RecordType} Retrieving the SOURCE data from CSV file (STEP 1: all records)...
[17:13:50.585] {RecordType} Retrieving the SOURCE data has been completed. Fetched 7 new records.
[17:13:50.587] {OperatingHours} Retrieving the SOURCE data from CSV file (STEP 1: all records)...
[17:13:50.589] {OperatingHours} Retrieving the SOURCE data has been completed. Fetched 3 new records.
[17:13:50.592] {Account} Retrieving the SOURCE data from CSV file (STEP 1: all records)...
[17:13:50.692] {Account} Retrieving the SOURCE data has been completed. Fetched 10 new records.
[17:13:50.694] {Contact} Retrieving the SOURCE data from CSV file (STEP 1: all records)...
[17:13:50.702] {Contact} Retrieving the SOURCE data has been completed. Fetched 7 new records.
[17:13:50.703] {AccountContactRelation} Retrieving the SOURCE data from CSV file (STEP 1: all records)...
[17:13:50.709] {AccountContactRelation} Retrieving the SOURCE data has been completed. Fetched 7 new records.
[17:13:50.710] {Individual} Retrieving the SOURCE data from CSV file (STEP 1: all records)...
[17:13:50.713] {Individual} Retrieving the SOURCE data has been completed. Fetched 0 new records.
[17:13:50.715] Retrieving the data STEP 1 has been completed.

[17:13:50.717] RETRIEVING THE DATA STEP 2...
[17:13:50.718] PASS 1
[17:13:50.719] =============
[17:13:50.720] No records

[17:13:50.722] PASS 2
[17:13:50.723] =============
[17:13:50.724] No records

[17:13:50.726] PASS 3
[17:13:50.727] =============
[17:13:50.729] No records

[17:13:50.731] PASS 4
[17:13:50.732] =============
[17:13:50.733] No records

[17:13:50.735] TARGET
[17:13:50.736] =============
[17:13:50.737] {RecordType} Retrieving the TARGET data from Org (STEP 2: all records)...
[17:13:50.738] {RecordType} Query string: SELECT Id, DeveloperName, SobjectType  FROM  RecordType WHERE (SobjectType IN ('Contact', 'Account')) ORDER BY SobjectType ASC.
[17:13:50.961] {RecordType} Retrieving the TARGET data has been completed. Fetched 8 new records.
[17:13:50.963] {OperatingHours} Retrieving the TARGET data from Org (STEP 2: all records)...
[17:13:50.984] {OperatingHours} Query string: SELECT Id, TimeZone, Name, Description  FROM  OperatingHours.
[17:13:51.145] {OperatingHours} Retrieving the TARGET data has been completed. Fetched 0 new records.
[17:13:51.150] {Account} Retrieving the TARGET data from Org (STEP 2: all records)...
[17:13:51.152] {Account} Query string: SELECT Id, Website, Type, TickerSymbol, Site, SicDesc, Sic, ShippingStreet, ShippingState, ShippingPostalCode, ShippingLongitude, ShippingLatitude, ShippingGeocodeAccuracy, ShippingCountry, ShippingCity, Salutation, RecordTypeId, Rating, Phone, Perso... FROM  Account.
[17:13:51.426] {Account} Retrieving the TARGET data has been completed. Fetched 0 new records.
[17:13:51.431] {Contact} Retrieving the TARGET data from Org (STEP 2: all records)...
[17:13:51.432] {Contact} Query string: SELECT Id, Title, Salutation, ReportsToId, RecordTypeId, Phone, OtherStreet, OtherState, OtherPostalCode, OtherPhone, OtherLongitude, OtherLatitude, OtherGeocodeAccuracy, OtherCountry, OtherCity, MobilePhone, MailingStreet, MailingState, MailingPosta... FROM  Contact.
[17:13:51.620] {Contact} Retrieving the TARGET data has been completed. Fetched 0 new records.
[17:13:51.621] {AccountContactRelation} Retrieving the TARGET data from Org (STEP 2: all records)...
[17:13:51.622] {AccountContactRelation} Query string: SELECT Id, ContactId, AccountId, IsDirect, StartDate, Roles, IsActive, FinServ__SourceSystemId__c, FinServ__Rollups__c, FinServ__Primary__c, FinServ__PrimaryGroup__c, FinServ__IncludeInGroup__c, EndDate, Contact.Name, Account.Name  FROM  AccountContactRelation.
[17:13:51.798] {AccountContactRelation} Retrieving the TARGET data has been completed. Fetched 0 new records.
[17:13:51.802] Retrieving the data STEP 2 has been completed.

[17:13:51.805] DATA RETRIEVING SUMMARY
[17:13:51.807] {RecordType} Total retrieved within all steps (source/target): 7/8 records.
[17:13:51.808] {OperatingHours} Total retrieved within all steps (source/target): 3/0 records.
[17:13:51.808] {Account} Total retrieved within all steps (source/target): 10/0 records.
[17:13:51.809] {Contact} Total retrieved within all steps (source/target): 7/0 records.
[17:13:51.811] {AccountContactRelation} Total retrieved within all steps (source/target): 7/0 records.
[17:13:51.812] {Individual} Total retrieved within all steps (source/target): 0/0 records.

[17:13:51.815] UPDATING THE TARGET STEP 1...
[17:13:51.819] {OperatingHours} Number of records to Insert: 3.
[17:13:51.821] {OperatingHours} The Insert API operation has been started using REST API.
[17:13:51.822] [Job# REST:Insert] {OperatingHours} The job has been created. Uploading data...
[17:13:52.96] {OperatingHours} The Insert API operation has been finished.
[17:13:52.105] {OperatingHours} Updating the Target has been completed. Processed 3 records.
[17:13:52.110] {Account} Number of records to Insert: 5.
[17:13:52.112] {Account} The Insert API operation has been started using REST API.
[17:13:52.117] [Job# REST:Insert] {Account} The job has been created. Uploading data...
[17:13:53.149] {Account} The Insert API operation has been finished.
[17:13:53.162] {Account} Number of records to Insert: 5.
[17:13:53.163] {Account} The Insert API operation has been started using REST API.
[17:13:53.165] [Job# REST:Insert] {Account} The job has been created. Uploading data...
[17:13:54.727] {Account} The Insert API operation has been finished.
[17:13:54.731] {Account} Updating the Target has been completed. Processed 10 records.
[17:13:54.736] {Contact} Number of records to Insert: 2.
[17:13:54.738] {Contact} The Insert API operation has been started using REST API.
[17:13:54.741] [Job# REST:Insert] {Contact} The job has been created. Uploading data...
[17:13:55.867] {Contact} The Insert API operation has been finished.
[17:13:55.870] {Contact} Updating the Target has been completed. Processed 2 records.
[17:13:55.873][WARN] {AccountContactRelation} 5 missing parent lookup records were found. See MissingParentRecordsReport.csv file for the details.

[17:13:55.883] {AccountContactRelation} Number of records to Insert: 7.
[17:13:55.884] {AccountContactRelation} The Insert API operation has been started using REST API.
[17:13:55.885] [Job# REST:Insert] {AccountContactRelation} The job has been created. Uploading data...
[17:13:56.740][WARN] [Batch# REST:Insert] {AccountContactRelation} Incompleted. 0 records succeeded, 7 records failed.
[17:13:56.742] {AccountContactRelation} The Insert API operation has been finished.
[17:13:56.751] {AccountContactRelation} Updating the Target has been completed. Processed 7 records.
[17:13:56.753] Updating the Target (STEP 1) has been completed. Total processed 22 records.

[17:13:56.756] UPDATING THE TARGET STEP 2...
[17:13:56.766][WARN] {Account} 5 missing parent lookup records were found. See MissingParentRecordsReport.csv file for the details.
[17:13:56.769] Nothing was updated

[17:13:56.772] DATA PROCESSING SUMMARY
[17:13:56.773] {RecordType} Total processed within all steps (Insert + Update): 0 records
[17:13:56.775] {OperatingHours} Total processed within all steps (Insert + Update): 3 records
[17:13:56.776] {Account} Total processed within all steps (Insert + Update): 10 records
[17:13:56.777] {Contact} Total processed within all steps (Insert + Update): 2 records
[17:13:56.778] {AccountContactRelation} Total processed within all steps (Insert + Update): 7 records
[17:13:56.780] {Individual} Total processed within all steps (Insert + Update): 0 records

[17:13:56.783] Writing to /Users/jrattanpal/workspace/fsc-demo-pack/data/sfdxdmu/MissingParentRecordsReport.csv...

[17:13:56.793] Command succeeded.
[17:13:56.795] Execution of the command sfdmu:run has been finished. Exit code 0 (SUCCESS).
[17:13:56.799] Total time elapsed: 00h 00m 15s 616ms .